TN:
SF:src\config.ts
FNF:0
FNH:0
DA:1,1
DA:2,1
DA:4,1
DA:5,1
DA:6,1
DA:7,1
DA:8,1
DA:9,1
DA:10,1
DA:11,1
DA:12,1
DA:13,1
LF:12
LH:12
BRDA:4,0,0,1
BRDA:4,0,1,0
BRF:2
BRH:1
end_of_record
TN:
SF:src\server.ts
FN:14,(anonymous_1)
FN:28,(anonymous_2)
FN:29,(anonymous_3)
FN:30,(anonymous_4)
FN:42,(anonymous_5)
FN:46,(anonymous_6)
FN:47,(anonymous_7)
FN:49,(anonymous_8)
FNF:8
FNH:6
FNDA:1,(anonymous_1)
FNDA:1,(anonymous_2)
FNDA:1,(anonymous_3)
FNDA:1,(anonymous_4)
FNDA:0,(anonymous_5)
FNDA:1,(anonymous_6)
FNDA:1,(anonymous_7)
FNDA:0,(anonymous_8)
DA:1,1
DA:2,1
DA:3,1
DA:6,1
DA:7,1
DA:9,1
DA:15,1
DA:16,1
DA:17,1
DA:18,1
DA:19,1
DA:20,1
DA:21,1
DA:23,1
DA:24,0
DA:29,1
DA:30,1
DA:31,1
DA:36,1
DA:37,1
DA:43,0
DA:47,1
DA:48,1
DA:49,1
DA:50,0
DA:51,0
DA:53,0
DA:56,1
LF:28
LH:23
BRDA:23,0,0,0
BRDA:48,1,0,1
BRDA:50,2,0,0
BRF:3
BRH:1
end_of_record
TN:
SF:src\controllers\acaprog.controller.ts
FN:7,(anonymous_0)
FN:32,(anonymous_1)
FN:57,(anonymous_2)
FN:78,(anonymous_3)
FN:95,(anonymous_4)
FN:116,(anonymous_5)
FNF:6
FNH:0
FNDA:0,(anonymous_0)
FNDA:0,(anonymous_1)
FNDA:0,(anonymous_2)
FNDA:0,(anonymous_3)
FNDA:0,(anonymous_4)
FNDA:0,(anonymous_5)
DA:2,1
DA:3,1
DA:4,1
DA:6,1
DA:8,0
DA:9,0
DA:15,0
DA:16,0
DA:18,0
DA:21,0
DA:22,0
DA:23,0
DA:25,0
DA:33,0
DA:34,0
DA:35,0
DA:40,0
DA:41,0
DA:43,0
DA:46,0
DA:47,0
DA:48,0
DA:50,0
DA:58,0
DA:59,0
DA:60,0
DA:61,0
DA:62,0
DA:64,0
DA:67,0
DA:68,0
DA:69,0
DA:71,0
DA:79,0
DA:80,0
DA:81,0
DA:82,0
DA:83,0
DA:85,0
DA:88,0
DA:89,0
DA:96,0
DA:97,0
DA:98,0
DA:99,0
DA:100,0
DA:102,0
DA:105,0
DA:106,0
DA:107,0
DA:109,0
DA:117,0
DA:118,0
DA:119,0
DA:120,0
DA:121,0
DA:123,0
DA:126,0
DA:127,0
DA:128,0
DA:130,0
LF:61
LH:4
BRDA:15,0,0,0
BRDA:15,0,1,0
BRDA:22,1,0,0
BRDA:22,1,1,0
BRDA:40,2,0,0
BRDA:40,2,1,0
BRDA:47,3,0,0
BRDA:47,3,1,0
BRDA:61,4,0,0
BRDA:61,4,1,0
BRDA:68,5,0,0
BRDA:68,5,1,0
BRDA:82,6,0,0
BRDA:82,6,1,0
BRDA:99,7,0,0
BRDA:99,7,1,0
BRDA:106,8,0,0
BRDA:106,8,1,0
BRDA:120,9,0,0
BRDA:120,9,1,0
BRDA:127,10,0,0
BRDA:127,10,1,0
BRF:22
BRH:0
end_of_record
TN:
SF:src\controllers\actividades.controller.ts
FN:8,(anonymous_0)
FN:37,(anonymous_1)
FN:66,(anonymous_2)
FN:89,(anonymous_3)
FN:112,(anonymous_4)
FN:140,(anonymous_5)
FN:163,(anonymous_6)
FN:186,(anonymous_7)
FN:203,(anonymous_8)
FN:224,(anonymous_9)
FNF:10
FNH:1
FNDA:0,(anonymous_0)
FNDA:0,(anonymous_1)
FNDA:0,(anonymous_2)
FNDA:0,(anonymous_3)
FNDA:0,(anonymous_4)
FNDA:0,(anonymous_5)
FNDA:0,(anonymous_6)
FNDA:0,(anonymous_7)
FNDA:1,(anonymous_8)
FNDA:0,(anonymous_9)
DA:2,1
DA:3,1
DA:4,1
DA:5,1
DA:7,1
DA:9,0
DA:10,0
DA:20,0
DA:21,0
DA:23,0
DA:26,0
DA:27,0
DA:28,0
DA:30,0
DA:38,0
DA:39,0
DA:40,0
DA:49,0
DA:50,0
DA:52,0
DA:55,0
DA:56,0
DA:57,0
DA:59,0
DA:67,0
DA:68,0
DA:69,0
DA:72,0
DA:73,0
DA:75,0
DA:78,0
DA:79,0
DA:80,0
DA:82,0
DA:90,0
DA:91,0
DA:92,0
DA:95,0
DA:96,0
DA:98,0
DA:101,0
DA:102,0
DA:103,0
DA:105,0
DA:116,0
DA:117,0
DA:118,0
DA:119,0
DA:123,0
DA:124,0
DA:126,0
DA:129,0
DA:130,0
DA:131,0
DA:133,0
DA:141,0
DA:142,0
DA:143,0
DA:146,0
DA:147,0
DA:149,0
DA:152,0
DA:153,0
DA:154,0
DA:156,0
DA:164,0
DA:165,0
DA:166,0
DA:169,0
DA:170,0
DA:172,0
DA:175,0
DA:176,0
DA:177,0
DA:179,0
DA:187,0
DA:188,0
DA:189,0
DA:190,0
DA:191,0
DA:193,0
DA:196,0
DA:197,0
DA:204,1
DA:205,1
DA:206,1
DA:207,1
DA:208,0
DA:210,1
DA:213,0
DA:214,0
DA:215,0
DA:217,0
DA:225,0
DA:226,0
DA:227,0
DA:228,0
DA:229,0
DA:231,0
DA:234,0
DA:235,0
DA:236,0
DA:238,0
LF:103
LH:10
BRDA:20,0,0,0
BRDA:20,0,1,0
BRDA:27,1,0,0
BRDA:27,1,1,0
BRDA:49,2,0,0
BRDA:49,2,1,0
BRDA:56,3,0,0
BRDA:56,3,1,0
BRDA:72,4,0,0
BRDA:72,4,1,0
BRDA:79,5,0,0
BRDA:79,5,1,0
BRDA:95,6,0,0
BRDA:95,6,1,0
BRDA:102,7,0,0
BRDA:102,7,1,0
BRDA:123,8,0,0
BRDA:123,8,1,0
BRDA:130,9,0,0
BRDA:130,9,1,0
BRDA:146,10,0,0
BRDA:146,10,1,0
BRDA:153,11,0,0
BRDA:153,11,1,0
BRDA:169,12,0,0
BRDA:169,12,1,0
BRDA:176,13,0,0
BRDA:176,13,1,0
BRDA:190,14,0,0
BRDA:190,14,1,0
BRDA:207,15,0,0
BRDA:207,15,1,1
BRDA:214,16,0,0
BRDA:214,16,1,0
BRDA:228,17,0,0
BRDA:228,17,1,0
BRDA:235,18,0,0
BRDA:235,18,1,0
BRF:38
BRH:1
end_of_record
TN:
SF:src\controllers\semilleros.controller.ts
FN:7,(anonymous_0)
FN:39,(anonymous_1)
FN:71,(anonymous_2)
FN:94,(anonymous_3)
FN:111,(anonymous_4)
FN:132,(anonymous_5)
FN:153,(anonymous_6)
FN:174,(anonymous_7)
FNF:8
FNH:0
FNDA:0,(anonymous_0)
FNDA:0,(anonymous_1)
FNDA:0,(anonymous_2)
FNDA:0,(anonymous_3)
FNDA:0,(anonymous_4)
FNDA:0,(anonymous_5)
FNDA:0,(anonymous_6)
FNDA:0,(anonymous_7)
DA:2,1
DA:3,1
DA:4,1
DA:6,1
DA:8,0
DA:9,0
DA:22,0
DA:23,0
DA:25,0
DA:28,0
DA:29,0
DA:30,0
DA:32,0
DA:40,0
DA:41,0
DA:42,0
DA:54,0
DA:55,0
DA:57,0
DA:60,0
DA:61,0
DA:62,0
DA:64,0
DA:72,0
DA:73,0
DA:74,0
DA:77,0
DA:78,0
DA:80,0
DA:83,0
DA:84,0
DA:85,0
DA:87,0
DA:95,0
DA:96,0
DA:97,0
DA:98,0
DA:99,0
DA:101,0
DA:104,0
DA:105,0
DA:112,0
DA:113,0
DA:114,0
DA:115,0
DA:116,0
DA:118,0
DA:121,0
DA:122,0
DA:123,0
DA:125,0
DA:133,0
DA:134,0
DA:135,0
DA:136,0
DA:137,0
DA:139,0
DA:142,0
DA:143,0
DA:144,0
DA:146,0
DA:154,0
DA:155,0
DA:156,0
DA:157,0
DA:158,0
DA:160,0
DA:163,0
DA:164,0
DA:165,0
DA:167,0
DA:175,0
DA:176,0
DA:177,0
DA:178,0
DA:179,0
DA:181,0
DA:184,0
DA:185,0
DA:186,0
DA:188,0
LF:81
LH:4
BRDA:22,0,0,0
BRDA:22,0,1,0
BRDA:29,1,0,0
BRDA:29,1,1,0
BRDA:54,2,0,0
BRDA:54,2,1,0
BRDA:61,3,0,0
BRDA:61,3,1,0
BRDA:77,4,0,0
BRDA:77,4,1,0
BRDA:84,5,0,0
BRDA:84,5,1,0
BRDA:98,6,0,0
BRDA:98,6,1,0
BRDA:115,7,0,0
BRDA:115,7,1,0
BRDA:122,8,0,0
BRDA:122,8,1,0
BRDA:136,9,0,0
BRDA:136,9,1,0
BRDA:143,10,0,0
BRDA:143,10,1,0
BRDA:157,11,0,0
BRDA:157,11,1,0
BRDA:164,12,0,0
BRDA:164,12,1,0
BRDA:178,13,0,0
BRDA:178,13,1,0
BRDA:185,14,0,0
BRDA:185,14,1,0
BRF:30
BRH:0
end_of_record
TN:
SF:src\controllers\users.controller.ts
FN:10,(anonymous_0)
FN:46,(anonymous_1)
FN:73,(anonymous_2)
FN:90,(anonymous_3)
FN:114,(anonymous_4)
FN:134,(anonymous_5)
FN:151,(anonymous_6)
FN:167,(anonymous_7)
FN:183,(anonymous_8)
FN:199,(anonymous_9)
FN:221,(anonymous_10)
FNF:11
FNH:0
FNDA:0,(anonymous_0)
FNDA:0,(anonymous_1)
FNDA:0,(anonymous_2)
FNDA:0,(anonymous_3)
FNDA:0,(anonymous_4)
FNDA:0,(anonymous_5)
FNDA:0,(anonymous_6)
FNDA:0,(anonymous_7)
FNDA:0,(anonymous_8)
FNDA:0,(anonymous_9)
FNDA:0,(anonymous_10)
DA:2,1
DA:3,1
DA:4,1
DA:7,1
DA:9,1
DA:11,0
DA:12,0
DA:16,0
DA:29,0
DA:30,0
DA:32,0
DA:35,0
DA:36,0
DA:37,0
DA:39,0
DA:47,0
DA:48,0
DA:49,0
DA:56,0
DA:57,0
DA:59,0
DA:62,0
DA:63,0
DA:64,0
DA:66,0
DA:74,0
DA:75,0
DA:76,0
DA:77,0
DA:78,0
DA:80,0
DA:83,0
DA:84,0
DA:91,0
DA:92,0
DA:97,0
DA:98,0
DA:100,0
DA:103,0
DA:104,0
DA:105,0
DA:107,0
DA:115,0
DA:116,0
DA:121,0
DA:122,0
DA:124,0
DA:127,0
DA:128,0
DA:135,0
DA:136,0
DA:137,0
DA:138,0
DA:139,0
DA:141,0
DA:144,0
DA:145,0
DA:152,0
DA:153,0
DA:154,0
DA:155,0
DA:157,0
DA:160,0
DA:161,0
DA:168,0
DA:169,0
DA:170,0
DA:171,0
DA:173,0
DA:176,0
DA:177,0
DA:184,0
DA:185,0
DA:186,0
DA:187,0
DA:189,0
DA:192,0
DA:193,0
DA:200,0
DA:201,0
DA:204,0
DA:205,0
DA:207,0
DA:210,0
DA:211,0
DA:212,0
DA:214,0
DA:222,0
DA:223,0
DA:228,0
DA:232,0
DA:233,0
DA:235,0
DA:238,0
DA:239,0
DA:240,0
DA:242,0
LF:97
LH:5
BRDA:13,0,0,0
BRDA:13,0,1,0
BRDA:27,1,0,0
BRDA:27,1,1,0
BRDA:29,2,0,0
BRDA:29,2,1,0
BRDA:36,3,0,0
BRDA:36,3,1,0
BRDA:56,4,0,0
BRDA:56,4,1,0
BRDA:63,5,0,0
BRDA:63,5,1,0
BRDA:77,6,0,0
BRDA:77,6,1,0
BRDA:97,7,0,0
BRDA:97,7,1,0
BRDA:104,8,0,0
BRDA:104,8,1,0
BRDA:121,9,0,0
BRDA:121,9,1,0
BRDA:138,10,0,0
BRDA:138,10,1,0
BRDA:154,11,0,0
BRDA:154,11,1,0
BRDA:170,12,0,0
BRDA:170,12,1,0
BRDA:186,13,0,0
BRDA:186,13,1,0
BRDA:204,14,0,0
BRDA:204,14,1,0
BRDA:211,15,0,0
BRDA:211,15,1,0
BRDA:232,16,0,0
BRDA:232,16,1,0
BRDA:239,17,0,0
BRDA:239,17,1,0
BRF:36
BRH:0
end_of_record
TN:
SF:src\generated\prisma\index.js
FN:267,(anonymous_0)
FNF:1
FNH:0
FNDA:0,(anonymous_0)
DA:2,1
DA:26,1
DA:29,1
DA:31,1
DA:32,1
DA:38,1
DA:43,1
DA:44,1
DA:45,1
DA:46,1
DA:47,1
DA:48,1
DA:53,1
DA:54,1
DA:55,1
DA:56,1
DA:57,1
DA:62,1
DA:63,1
DA:68,1
DA:69,1
DA:70,1
DA:72,1
DA:81,1
DA:86,1
DA:93,1
DA:106,1
DA:113,1
DA:122,1
DA:127,1
DA:143,1
DA:158,1
DA:163,1
DA:168,1
DA:174,1
DA:178,1
DA:182,1
DA:187,1
DA:197,1
DA:208,1
DA:258,1
DA:260,1
DA:261,1
DA:262,0
DA:267,0
DA:268,0
DA:271,0
DA:272,0
DA:275,1
DA:276,1
DA:277,1
DA:278,1
DA:281,1
DA:283,1
DA:288,1
DA:289,1
DA:290,1
DA:293,1
DA:294,1
DA:296,1
DA:297,1
LF:61
LH:56
BRDA:261,0,0,0
BRDA:261,0,1,1
BRDA:267,1,0,0
BRDA:267,1,1,0
BRDA:284,2,0,1
BRDA:284,2,1,0
BRDA:285,3,0,1
BRDA:285,3,1,1
BRF:8
BRH:4
end_of_record
TN:
SF:src\generated\prisma\runtime\library.js
FN:1,(anonymous_0)
FN:1,(anonymous_1)
FN:1,(anonymous_2)
FN:1,(anonymous_3)
FN:1,(anonymous_4)
FN:1,(anonymous_5)
FN:1,(anonymous_6)
FN:1,(anonymous_7)
FN:1,(anonymous_8)
FN:1,(anonymous_9)
FN:1,(anonymous_10)
FN:1,(anonymous_11)
FN:1,fi
FN:1,gi
FN:1,(anonymous_14)
FN:1,$c
FN:1,(anonymous_16)
FN:1,cs
FN:1,(anonymous_18)
FN:1,hi
FN:1,(anonymous_20)
FN:1,(anonymous_21)
FN:1,(anonymous_22)
FN:1,(anonymous_23)
FN:1,(anonymous_24)
FN:1,(anonymous_25)
FN:1,(anonymous_26)
FN:1,(anonymous_27)
FN:1,(anonymous_28)
FN:1,(anonymous_29)
FN:1,(anonymous_30)
FN:1,(anonymous_31)
FN:1,(anonymous_32)
FN:1,(anonymous_33)
FN:1,op
FN:3,sp
FN:3,ap
FN:3,lp
FN:3,tn
FN:3,Is
FN:3,up
FN:3,ks
FN:3,As
FN:3,cp
FN:3,pp
FN:3,dp
FN:3,mp
FN:3,fp
FN:3,(anonymous_48)
FN:3,(anonymous_49)
FN:3,(anonymous_50)
FN:3,(anonymous_51)
FN:3,e
FN:3,(anonymous_53)
FN:3,(anonymous_54)
FN:3,(anonymous_55)
FN:3,(anonymous_56)
FN:3,(anonymous_57)
FN:3,(anonymous_58)
FN:3,(anonymous_59)
FN:3,(anonymous_60)
FN:3,(anonymous_61)
FN:3,(anonymous_62)
FN:3,(anonymous_63)
FN:3,(anonymous_64)
FN:3,(anonymous_65)
FN:3,(anonymous_66)
FN:3,(anonymous_67)
FN:3,(anonymous_68)
FN:3,(anonymous_69)
FN:3,(anonymous_70)
FN:3,(anonymous_71)
FN:3,(anonymous_72)
FN:3,(anonymous_73)
FN:3,(anonymous_74)
FN:3,(anonymous_75)
FN:3,(anonymous_76)
FN:3,(anonymous_77)
FN:3,(anonymous_78)
FN:3,(anonymous_79)
FN:3,(anonymous_80)
FN:3,(anonymous_81)
FN:3,(anonymous_82)
FN:3,(anonymous_83)
FN:3,(anonymous_84)
FN:3,(anonymous_85)
FN:3,(anonymous_86)
FN:3,(anonymous_87)
FN:3,No
FN:3,(anonymous_89)
FN:3,Lo
FN:3,(anonymous_91)
FN:3,Fo
FN:3,(anonymous_93)
FN:3,(anonymous_94)
FN:3,(anonymous_95)
FN:3,(anonymous_96)
FN:3,(anonymous_97)
FN:3,(anonymous_98)
FN:3,(anonymous_99)
FN:3,(anonymous_100)
FN:3,(anonymous_101)
FN:3,(anonymous_102)
FN:3,(anonymous_103)
FN:3,(anonymous_104)
FN:3,(anonymous_105)
FN:3,(anonymous_106)
FN:3,(anonymous_107)
FN:3,(anonymous_108)
FN:3,(anonymous_109)
FN:3,(anonymous_110)
FN:3,(anonymous_111)
FN:3,(anonymous_112)
FN:3,(anonymous_113)
FN:3,(anonymous_114)
FN:3,(anonymous_115)
FN:3,(anonymous_116)
FN:3,(anonymous_117)
FN:3,(anonymous_118)
FN:3,(anonymous_119)
FN:3,(anonymous_120)
FN:3,F
FN:3,(anonymous_122)
FN:3,(anonymous_123)
FN:3,(anonymous_124)
FN:3,(anonymous_125)
FN:3,(anonymous_126)
FN:3,(anonymous_127)
FN:3,(anonymous_128)
FN:3,(anonymous_129)
FN:3,Uu
FN:3,(anonymous_131)
FN:3,(anonymous_132)
FN:3,(anonymous_133)
FN:3,(anonymous_134)
FN:3,(anonymous_135)
FN:3,(anonymous_136)
FN:3,(anonymous_137)
FN:3,Gu
FN:3,(anonymous_139)
FN:3,Go
FN:3,(anonymous_141)
FN:3,(anonymous_142)
FN:4,Qo
FN:4,ii
FN:4,Bt
FN:4,(anonymous_146)
FN:4,(anonymous_147)
FN:4,(anonymous_148)
FN:4,(anonymous_149)
FN:4,(anonymous_150)
FN:4,(anonymous_151)
FN:4,(anonymous_152)
FN:4,(anonymous_153)
FN:4,(anonymous_154)
FN:4,(anonymous_155)
FN:4,(anonymous_156)
FN:4,pe
FN:4,(anonymous_158)
FN:4,(anonymous_159)
FN:4,(anonymous_160)
FN:4,(anonymous_161)
FN:4,Wu
FN:4,(anonymous_163)
FN:4,(anonymous_164)
FN:4,(anonymous_165)
FN:4,(anonymous_166)
FN:4,(anonymous_167)
FN:4,q
FN:4,(anonymous_169)
FN:4,(anonymous_170)
FN:4,(anonymous_171)
FN:4,(anonymous_172)
FN:4,(anonymous_173)
FN:4,Ju
FN:4,(anonymous_175)
FN:4,(anonymous_176)
FN:4,(anonymous_177)
FN:4,(anonymous_178)
FN:4,(anonymous_179)
FN:4,(anonymous_180)
FN:4,C
FN:4,(anonymous_182)
FN:4,(anonymous_183)
FN:4,Jo
FN:4,(anonymous_185)
FN:4,(anonymous_186)
FN:4,(anonymous_187)
FN:4,(anonymous_188)
FN:4,ye
FN:4,je
FN:4,Ve
FN:4,(anonymous_192)
FN:4,(anonymous_193)
FN:4,(anonymous_194)
FN:4,(anonymous_195)
FN:4,(anonymous_196)
FN:4,(anonymous_197)
FN:4,(anonymous_198)
FN:4,(anonymous_199)
FN:4,(anonymous_200)
FN:4,(anonymous_201)
FN:4,(anonymous_202)
FN:4,(anonymous_203)
FN:4,(anonymous_204)
FN:4,(anonymous_205)
FN:4,(anonymous_206)
FN:4,(anonymous_207)
FN:4,(anonymous_208)
FN:4,(anonymous_209)
FN:4,(anonymous_210)
FN:4,(anonymous_211)
FN:4,(anonymous_212)
FN:4,(anonymous_213)
FN:4,(anonymous_214)
FN:4,(anonymous_215)
FN:4,(anonymous_216)
FN:4,(anonymous_217)
FN:4,(anonymous_218)
FN:4,(anonymous_219)
FN:4,(anonymous_220)
FN:4,(anonymous_221)
FN:4,(anonymous_222)
FN:4,(anonymous_223)
FN:4,(anonymous_224)
FN:4,(anonymous_225)
FN:4,(anonymous_226)
FN:4,(anonymous_227)
FN:4,(anonymous_228)
FN:4,(anonymous_229)
FN:4,(anonymous_230)
FN:4,(anonymous_231)
FN:4,(anonymous_232)
FN:4,(anonymous_233)
FN:4,(anonymous_234)
FN:4,(anonymous_235)
FN:4,(anonymous_236)
FN:4,(anonymous_237)
FN:4,(anonymous_238)
FN:4,(anonymous_239)
FN:4,(anonymous_240)
FN:4,(anonymous_241)
FN:4,(anonymous_242)
FN:4,(anonymous_243)
FN:4,(anonymous_244)
FN:4,(anonymous_245)
FN:4,(anonymous_246)
FN:4,(anonymous_247)
FN:4,(anonymous_248)
FN:4,(anonymous_249)
FN:4,(anonymous_250)
FN:4,(anonymous_251)
FN:4,(anonymous_252)
FN:4,(anonymous_253)
FN:4,(anonymous_254)
FN:4,(anonymous_255)
FN:4,(anonymous_256)
FN:4,(anonymous_257)
FN:4,(anonymous_258)
FN:4,(anonymous_259)
FN:4,hr
FN:4,(anonymous_261)
FN:4,(anonymous_262)
FN:4,(anonymous_263)
FN:4,(anonymous_264)
FN:4,(anonymous_265)
FN:4,(anonymous_266)
FN:4,(anonymous_267)
FN:4,(anonymous_268)
FN:4,(anonymous_269)
FN:4,(anonymous_270)
FN:4,Qt
FN:4,Zo
FN:4,Zu
FN:4,(anonymous_274)
FN:4,(anonymous_275)
FN:4,(anonymous_276)
FN:4,(anonymous_277)
FN:4,(anonymous_278)
FN:4,(anonymous_279)
FN:4,(anonymous_280)
FN:4,(anonymous_281)
FN:4,(anonymous_282)
FN:4,(anonymous_283)
FN:4,(anonymous_284)
FN:4,(anonymous_285)
FN:5,Xu
FN:5,ec
FN:5,Ho
FN:5,Xo
FN:5,(anonymous_290)
FN:5,rc
FN:5,(anonymous_292)
FN:5,(anonymous_293)
FN:5,(anonymous_294)
FN:5,(anonymous_295)
FN:5,tc
FN:5,Ko
FN:5,nc
FN:5,(anonymous_299)
FN:5,ir
FN:5,ic
FN:5,pi
FN:5,es
FN:5,oc
FN:5,(anonymous_305)
FN:5,(anonymous_306)
FN:6,sc
FN:6,Ht
FN:6,(anonymous_309)
FN:6,ac
FN:6,rs
FN:6,(anonymous_312)
FN:6,(anonymous_313)
FN:6,(anonymous_314)
FN:6,(anonymous_315)
FN:6,(anonymous_316)
FN:6,(anonymous_317)
FN:6,(anonymous_318)
FN:6,(anonymous_319)
FN:6,(anonymous_320)
FN:6,(anonymous_321)
FN:6,(anonymous_322)
FN:6,(anonymous_323)
FN:6,(anonymous_324)
FN:6,(anonymous_325)
FN:6,(anonymous_326)
FN:6,(anonymous_327)
FN:6,(anonymous_328)
FN:6,(anonymous_329)
FN:6,(anonymous_330)
FN:6,(anonymous_331)
FN:6,(anonymous_332)
FN:6,(anonymous_333)
FN:6,(anonymous_334)
FN:6,(anonymous_335)
FN:6,(anonymous_336)
FN:6,(anonymous_337)
FN:6,(anonymous_338)
FN:6,(anonymous_339)
FN:6,(anonymous_340)
FN:6,(anonymous_341)
FN:6,(anonymous_342)
FN:6,(anonymous_343)
FN:6,(anonymous_344)
FN:6,(anonymous_345)
FN:6,(anonymous_346)
FN:6,(anonymous_347)
FN:6,(anonymous_348)
FN:6,(anonymous_349)
FN:6,(anonymous_350)
FN:6,(anonymous_351)
FN:6,(anonymous_352)
FN:6,(anonymous_353)
FN:6,(anonymous_354)
FN:6,or
FN:6,(anonymous_356)
FN:6,yi
FN:6,Er
FN:6,Bc
FN:6,gs
FN:6,vi
FN:6,Pi
FN:6,(anonymous_363)
FN:6,(anonymous_364)
FN:6,(anonymous_365)
FN:6,(anonymous_366)
FN:6,(anonymous_367)
FN:6,(anonymous_368)
FN:6,(anonymous_369)
FN:6,(anonymous_370)
FN:6,(anonymous_371)
FN:6,(anonymous_372)
FN:6,(anonymous_373)
FN:6,(anonymous_374)
FN:6,(anonymous_375)
FN:9,Ti
FN:9,Si
FN:9,Ai
FN:9,(anonymous_379)
FN:9,(anonymous_380)
FN:11,Wc
FN:11,(anonymous_382)
FN:11,(anonymous_383)
FN:11,Jc
FN:11,(anonymous_385)
FN:11,(anonymous_386)
FN:12,Hc
FN:12,(anonymous_388)
FN:12,(anonymous_389)
FN:12,(anonymous_390)
FN:12,(anonymous_391)
FN:12,(anonymous_392)
FN:12,(anonymous_393)
FN:12,(anonymous_394)
FN:12,(anonymous_395)
FN:12,(anonymous_396)
FN:12,(anonymous_397)
FN:12,Kc
FN:12,Ii
FN:12,Yc
FN:12,zc
FN:12,Zc
FN:12,rn
FN:12,_e
FN:12,Oi
FN:12,Ds
FN:12,(anonymous_407)
FN:12,(anonymous_408)
FN:12,it
FN:13,gp
FN:15,(anonymous_411)
FN:19,(anonymous_412)
FN:21,_s
FN:21,Ns
FN:21,hp
FN:21,Mi
FN:21,xr
FN:21,$i
FN:21,x
FN:21,(anonymous_420)
FN:21,(anonymous_421)
FN:21,(anonymous_422)
FN:21,(anonymous_423)
FN:21,(anonymous_424)
FN:21,(anonymous_425)
FN:21,(anonymous_426)
FN:21,(anonymous_427)
FN:21,(anonymous_428)
FN:21,(anonymous_429)
FN:21,(anonymous_430)
FN:21,(anonymous_431)
FN:21,(anonymous_432)
FN:21,(anonymous_433)
FN:21,(anonymous_434)
FN:21,(anonymous_435)
FN:21,(anonymous_436)
FN:21,(anonymous_437)
FN:21,(anonymous_438)
FN:21,(anonymous_439)
FN:21,(anonymous_440)
FN:21,(anonymous_441)
FN:21,(anonymous_442)
FN:21,(anonymous_443)
FN:21,(anonymous_444)
FN:21,(anonymous_445)
FN:21,(anonymous_446)
FN:21,(anonymous_447)
FN:21,(anonymous_448)
FN:21,(anonymous_449)
FN:21,(anonymous_450)
FN:21,(anonymous_451)
FN:21,(anonymous_452)
FN:21,(anonymous_453)
FN:21,(anonymous_454)
FN:21,(anonymous_455)
FN:21,(anonymous_456)
FN:21,(anonymous_457)
FN:21,(anonymous_458)
FN:21,(anonymous_459)
FN:21,(anonymous_460)
FN:21,(anonymous_461)
FN:21,(anonymous_462)
FN:21,(anonymous_463)
FN:21,(anonymous_464)
FN:21,(anonymous_465)
FN:21,(anonymous_466)
FN:21,(anonymous_467)
FN:21,(anonymous_468)
FN:21,(anonymous_469)
FN:21,(anonymous_470)
FN:21,(anonymous_471)
FN:21,(anonymous_472)
FN:21,(anonymous_473)
FN:21,(anonymous_474)
FN:21,(anonymous_475)
FN:21,(anonymous_476)
FN:21,(anonymous_477)
FN:21,(anonymous_478)
FN:21,(anonymous_479)
FN:21,(anonymous_480)
FN:21,(anonymous_481)
FN:21,(anonymous_482)
FN:21,(anonymous_483)
FN:21,(anonymous_484)
FN:21,(anonymous_485)
FN:21,(anonymous_486)
FN:21,(anonymous_487)
FN:21,(anonymous_488)
FN:21,J
FN:21,ie
FN:21,st
FN:21,an
FN:21,vp
FN:21,(anonymous_494)
FN:21,e
FN:21,r
FN:21,t
FN:21,(anonymous_498)
FN:21,y
FN:21,xe
FN:21,mn
FN:21,pn
FN:21,we
FN:21,Qs
FN:21,We
FN:21,Ws
FN:21,Ms
FN:21,Js
FN:21,Bi
FN:21,Je
FN:21,Hs
FN:21,ln
FN:21,Pp
FN:21,Tp
FN:21,Pr
FN:21,fn
FN:21,Ks
FN:21,Ui
FN:21,$s
FN:21,Sp
FN:21,Rp
FN:21,Cp
FN:21,Ap
FN:21,Ip
FN:21,kp
FN:21,Op
FN:21,Dp
FN:21,_p
FN:21,Np
FN:21,Lp
FN:21,Fp
FN:21,Mp
FN:21,$p
FN:21,qp
FN:21,Ys
FN:21,i
FN:21,jp
FN:21,Vp
FN:21,Bp
FN:21,Up
FN:21,qs
FN:21,Gp
FN:21,Qp
FN:21,Wp
FN:21,Jp
FN:21,Hp
FN:21,Kp
FN:21,Yp
FN:21,zp
FN:21,Zp
FN:21,Xp
FN:21,ed
FN:21,rd
FN:21,td
FN:21,nd
FN:21,id
FN:21,od
FN:21,sd
FN:21,ad
FN:21,ld
FN:21,ud
FN:21,Tr
FN:21,cd
FN:21,pd
FN:21,(anonymous_565)
FN:21,(anonymous_566)
FN:21,(anonymous_567)
FN:21,Ye
FN:21,zs
FN:21,at
FN:21,(anonymous_571)
FN:21,Zs
FN:21,Gi
FN:21,Sr
FN:21,gn
FN:21,Rr
FN:21,(anonymous_577)
FN:21,(anonymous_578)
FN:21,dd
FN:21,(anonymous_580)
FN:21,(anonymous_581)
FN:21,(anonymous_582)
FN:21,(anonymous_583)
FN:21,(anonymous_584)
FN:21,(anonymous_585)
FN:21,(anonymous_586)
FN:21,(anonymous_587)
FN:21,(anonymous_588)
FN:21,e
FN:21,(anonymous_590)
FN:21,(anonymous_591)
FN:21,(anonymous_592)
FN:21,(anonymous_593)
FN:21,e
FN:21,(anonymous_595)
FN:21,(anonymous_596)
FN:21,(anonymous_597)
FN:21,(anonymous_598)
FN:21,(anonymous_599)
FN:21,ge
FN:21,(anonymous_601)
FN:21,(anonymous_602)
FN:21,gd
FN:21,ea
FN:21,hd
FN:21,(anonymous_606)
FN:21,ra
FN:21,(anonymous_608)
FN:21,(anonymous_609)
FN:21,(anonymous_610)
FN:21,(anonymous_611)
FN:21,(anonymous_612)
FN:21,(anonymous_613)
FN:21,(anonymous_614)
FN:21,(anonymous_615)
FN:21,(anonymous_616)
FN:21,(anonymous_617)
FN:21,(anonymous_618)
FN:23,(anonymous_619)
FN:24,(anonymous_620)
FN:25,(anonymous_621)
FN:25,(anonymous_622)
FN:25,(anonymous_623)
FN:25,(anonymous_624)
FN:25,(anonymous_625)
FN:25,(anonymous_626)
FN:25,(anonymous_627)
FN:25,Ed
FN:25,wd
FN:25,(anonymous_630)
FN:25,(anonymous_631)
FN:25,(anonymous_632)
FN:25,xd
FN:25,vd
FN:25,Pd
FN:26,Td
FN:26,bn
FN:26,aa
FN:26,(anonymous_639)
FN:26,la
FN:26,(anonymous_641)
FN:26,Sd
FN:26,Rd
FN:26,Cd
FN:26,(anonymous_645)
FN:26,oa
FN:26,sa
FN:26,(anonymous_648)
FN:26,(anonymous_649)
FN:26,(anonymous_650)
FN:26,(anonymous_651)
FN:26,(anonymous_652)
FN:26,(anonymous_653)
FN:26,(anonymous_654)
FN:26,(anonymous_655)
FN:26,(anonymous_656)
FN:26,(anonymous_657)
FN:26,(anonymous_658)
FN:26,(anonymous_659)
FN:26,(anonymous_660)
FN:26,(anonymous_661)
FN:26,(anonymous_662)
FN:27,(anonymous_663)
FN:27,(anonymous_664)
FN:27,(anonymous_665)
FN:27,(anonymous_666)
FN:27,(anonymous_667)
FN:27,(anonymous_668)
FN:27,(anonymous_669)
FN:27,(anonymous_670)
FN:27,(anonymous_671)
FN:27,(anonymous_672)
FN:27,(anonymous_673)
FN:27,(anonymous_674)
FN:27,(anonymous_675)
FN:27,(anonymous_676)
FN:27,(anonymous_677)
FN:27,(anonymous_678)
FN:27,(anonymous_679)
FN:27,(anonymous_680)
FN:27,(anonymous_681)
FN:27,(anonymous_682)
FN:27,(anonymous_683)
FN:27,(anonymous_684)
FN:27,(anonymous_685)
FN:27,(anonymous_686)
FN:27,(anonymous_687)
FN:27,(anonymous_688)
FN:27,(anonymous_689)
FN:27,(anonymous_690)
FN:27,(anonymous_691)
FN:27,(anonymous_692)
FN:27,(anonymous_693)
FN:27,(anonymous_694)
FN:27,(anonymous_695)
FN:27,(anonymous_696)
FN:27,(anonymous_697)
FN:27,(anonymous_698)
FN:27,(anonymous_699)
FN:27,(anonymous_700)
FN:27,(anonymous_701)
FN:27,(anonymous_702)
FN:27,(anonymous_703)
FN:27,(anonymous_704)
FN:27,(anonymous_705)
FN:27,(anonymous_706)
FN:27,(anonymous_707)
FN:27,(anonymous_708)
FN:27,(anonymous_709)
FN:27,(anonymous_710)
FN:27,(anonymous_711)
FN:27,(anonymous_712)
FN:27,(anonymous_713)
FN:27,(anonymous_714)
FN:27,(anonymous_715)
FN:27,(anonymous_716)
FN:27,(anonymous_717)
FN:27,En
FN:27,Ad
FN:27,(anonymous_720)
FN:27,Id
FN:27,(anonymous_722)
FN:28,kd
FN:28,(anonymous_724)
FN:28,Od
FN:28,(anonymous_726)
FN:28,Dd
FN:28,(anonymous_728)
FN:28,_d
FN:28,(anonymous_730)
FN:28,Nd
FN:28,(anonymous_732)
FN:28,Ld
FN:28,(anonymous_734)
FN:28,Fd
FN:28,(anonymous_736)
FN:28,(anonymous_737)
FN:28,Md
FN:28,(anonymous_739)
FN:28,(anonymous_740)
FN:28,ma
FN:28,$d
FN:28,(anonymous_743)
FN:28,fa
FN:28,qd
FN:28,(anonymous_746)
FN:28,(anonymous_747)
FN:28,jd
FN:28,(anonymous_749)
FN:28,(anonymous_750)
FN:28,Vd
FN:28,(anonymous_752)
FN:28,Bd
FN:28,(anonymous_754)
FN:28,(anonymous_755)
FN:28,Ud
FN:28,(anonymous_757)
FN:28,(anonymous_758)
FN:28,ga
FN:28,Gd
FN:28,Qd
FN:28,Wd
FN:28,ha
FN:28,ya
FN:28,ct
FN:28,pt
FN:28,Pn
FN:28,Hd
FN:28,(anonymous_769)
FN:28,(anonymous_770)
FN:28,Dr
FN:28,(anonymous_772)
FN:28,(anonymous_773)
FN:28,(anonymous_774)
FN:28,(anonymous_775)
FN:28,Hi
FN:28,(anonymous_777)
FN:28,(anonymous_778)
FN:28,(anonymous_779)
FN:28,(anonymous_780)
FN:28,(anonymous_781)
FN:28,(anonymous_782)
FN:28,(anonymous_783)
FN:28,(anonymous_784)
FN:28,(anonymous_785)
FN:29,_r
FN:29,Ea
FN:29,wa
FN:29,Kd
FN:29,Cn
FN:29,An
FN:29,Se
FN:29,(anonymous_793)
FN:29,va
FN:29,Yd
FN:29,(anonymous_796)
FN:29,(anonymous_797)
FN:29,(anonymous_798)
FN:29,(anonymous_799)
FN:29,xa
FN:29,(anonymous_801)
FN:29,(anonymous_802)
FN:29,zd
FN:29,(anonymous_804)
FN:29,Pa
FN:29,Ta
FN:29,(anonymous_807)
FN:29,(anonymous_808)
FN:29,(anonymous_809)
FN:29,(anonymous_810)
FN:29,(anonymous_811)
FN:29,(anonymous_812)
FN:29,(anonymous_813)
FN:29,(anonymous_814)
FN:29,(anonymous_815)
FN:29,(anonymous_816)
FN:29,(anonymous_817)
FN:29,(anonymous_818)
FN:29,(anonymous_819)
FN:29,(anonymous_820)
FN:29,(anonymous_821)
FN:29,(anonymous_822)
FN:29,(anonymous_823)
FN:29,(anonymous_824)
FN:29,(anonymous_825)
FN:29,(anonymous_826)
FN:29,(anonymous_827)
FN:29,(anonymous_828)
FN:29,Sa
FN:29,Ra
FN:29,(anonymous_831)
FN:29,(anonymous_832)
FN:29,Re
FN:29,Dn
FN:29,bt
FN:29,Xd
FN:29,em
FN:29,rm
FN:29,tm
FN:29,nm
FN:29,Ia
FN:29,ka
FN:29,im
FN:29,om
FN:29,sm
FN:29,zi
FN:29,(anonymous_847)
FN:29,(anonymous_848)
FN:29,(anonymous_849)
FN:29,(anonymous_850)
FN:29,(anonymous_851)
FN:29,(anonymous_852)
FN:29,(anonymous_853)
FN:29,(anonymous_854)
FN:29,(anonymous_855)
FN:29,(anonymous_856)
FN:29,(anonymous_857)
FN:29,(anonymous_858)
FN:29,(anonymous_859)
FN:29,(anonymous_860)
FN:29,(anonymous_861)
FN:29,(anonymous_862)
FN:29,Oa
FN:29,(anonymous_864)
FN:29,(anonymous_865)
FN:29,(anonymous_866)
FN:29,Da
FN:29,(anonymous_868)
FN:29,(anonymous_869)
FN:29,am
FN:29,Zi
FN:29,(anonymous_872)
FN:29,(anonymous_873)
FN:29,(anonymous_874)
FN:29,(anonymous_875)
FN:29,_a
FN:29,(anonymous_877)
FN:29,Nn
FN:29,(anonymous_879)
FN:29,(anonymous_880)
FN:29,(anonymous_881)
FN:29,(anonymous_882)
FN:29,(anonymous_883)
FN:29,(anonymous_884)
FN:29,Na
FN:29,eo
FN:29,ro
FN:29,wt
FN:29,(anonymous_889)
FN:29,(anonymous_890)
FN:29,re
FN:29,(anonymous_892)
FN:29,(anonymous_893)
FN:29,ar
FN:29,(anonymous_895)
FN:29,(anonymous_896)
FN:29,(anonymous_897)
FN:29,(anonymous_898)
FN:29,Fn
FN:29,(anonymous_900)
FN:29,(anonymous_901)
FN:29,(anonymous_902)
FN:29,(anonymous_903)
FN:29,(anonymous_904)
FN:29,he
FN:29,(anonymous_906)
FN:29,(anonymous_907)
FN:29,(anonymous_908)
FN:29,(anonymous_909)
FN:29,(anonymous_910)
FN:29,(anonymous_911)
FN:29,(anonymous_912)
FN:29,(anonymous_913)
FN:29,lm
FN:29,Ma
FN:29,(anonymous_916)
FN:29,Fr
FN:29,(anonymous_918)
FN:29,(anonymous_919)
FN:29,(anonymous_920)
FN:29,Mr
FN:29,$a
FN:29,$r
FN:29,cm
FN:30,qa
FN:31,(anonymous_926)
FN:31,mm
FN:31,gm
FN:31,bm
FN:31,wm
FN:31,vm
FN:31,(anonymous_932)
FN:31,(anonymous_933)
FN:31,(anonymous_934)
FN:31,(anonymous_935)
FN:31,Ze
FN:31,qr
FN:31,(anonymous_938)
FN:31,Tm
FN:31,Mn
FN:31,(anonymous_941)
FN:31,Va
FN:31,Sm
FN:31,Rm
FN:31,(anonymous_945)
FN:31,(anonymous_946)
FN:31,Ba
FN:31,Cm
FN:31,Am
FN:31,(anonymous_950)
FN:31,(anonymous_951)
FN:31,Ua
FN:31,Ga
FN:31,(anonymous_954)
FN:31,(anonymous_955)
FN:31,(anonymous_956)
FN:31,Qa
FN:31,(anonymous_958)
FN:31,(anonymous_959)
FN:31,(anonymous_960)
FN:31,(anonymous_961)
FN:31,(anonymous_962)
FN:31,(anonymous_963)
FN:31,(anonymous_964)
FN:31,Im
FN:31,km
FN:31,oo
FN:31,(anonymous_968)
FN:31,(anonymous_969)
FN:31,(anonymous_970)
FN:31,Om
FN:31,(anonymous_972)
FN:31,(anonymous_973)
FN:31,so
FN:31,(anonymous_975)
FN:31,(anonymous_976)
FN:31,(anonymous_977)
FN:31,Nm
FN:31,(anonymous_979)
FN:31,(anonymous_980)
FN:31,(anonymous_981)
FN:31,(anonymous_982)
FN:31,(anonymous_983)
FN:31,Lm
FN:31,Fm
FN:31,(anonymous_986)
FN:31,Ha
FN:31,(anonymous_988)
FN:31,vt
FN:31,(anonymous_990)
FN:31,(anonymous_991)
FN:31,Mm
FN:31,(anonymous_993)
FN:31,(anonymous_994)
FN:31,$m
FN:31,(anonymous_996)
FN:31,(anonymous_997)
FN:31,(anonymous_998)
FN:31,Ka
FN:31,Ya
FN:31,za
FN:31,(anonymous_1002)
FN:31,(anonymous_1003)
FN:31,qm
FN:31,(anonymous_1005)
FN:31,jm
FN:31,(anonymous_1007)
FN:31,$n
FN:31,Za
FN:31,(anonymous_1010)
FN:31,Xa
FN:31,(anonymous_1012)
FN:31,rl
FN:31,Bm
FN:31,Um
FN:31,Pt
FN:31,nl
FN:31,(anonymous_1018)
FN:31,(anonymous_1019)
FN:31,il
FN:31,ol
FN:31,(anonymous_1022)
FN:31,sl
FN:31,(anonymous_1024)
FN:31,(anonymous_1025)
FN:31,(anonymous_1026)
FN:31,al
FN:31,(anonymous_1028)
FN:31,cl
FN:33,pl
FN:33,(anonymous_1031)
FN:33,(anonymous_1032)
FN:33,(anonymous_1033)
FN:33,(anonymous_1034)
FN:33,(anonymous_1035)
FN:33,(anonymous_1036)
FN:33,Ym
FN:33,(anonymous_1038)
FN:33,qn
FN:33,jn
FN:35,Zm
FN:35,Xe
FN:35,er
FN:36,(anonymous_1044)
FN:37,dl
FN:42,Vn
FN:43,Bn
FN:45,ml
FN:52,fl
FN:52,(anonymous_1050)
FN:57,gl
FN:64,(anonymous_1052)
FN:64,yl
FN:64,(anonymous_1054)
FN:64,(anonymous_1055)
FN:64,rf
FN:64,bl
FN:64,El
FN:64,(anonymous_1059)
FN:64,wl
FN:65,(anonymous_1061)
FN:66,vl
FN:66,Pl
FN:110,jr
FN:110,(anonymous_1065)
FN:110,(anonymous_1066)
FN:110,(anonymous_1067)
FN:110,R
FN:110,(anonymous_1069)
FN:110,(anonymous_1070)
FN:110,(anonymous_1071)
FN:110,(anonymous_1072)
FN:110,(anonymous_1073)
FN:110,(anonymous_1074)
FN:110,(anonymous_1075)
FN:110,(anonymous_1076)
FN:110,(anonymous_1077)
FN:110,(anonymous_1078)
FN:110,(anonymous_1079)
FN:110,(anonymous_1080)
FN:110,(anonymous_1081)
FN:110,(anonymous_1082)
FN:110,(anonymous_1083)
FN:110,(anonymous_1084)
FN:110,of
FN:110,Lt
FN:110,Ur
FN:110,Tl
FN:110,(anonymous_1089)
FN:110,(anonymous_1090)
FN:110,Sl
FN:110,Rl
FN:110,(anonymous_1093)
FN:110,sf
FN:110,ho
FN:110,(anonymous_1096)
FN:111,pr
FN:111,(anonymous_1098)
FN:111,uf
FN:111,Il
FN:111,cf
FN:111,(anonymous_1102)
FN:111,(anonymous_1103)
FN:111,(anonymous_1104)
FN:111,(anonymous_1105)
FN:111,(anonymous_1106)
FN:111,(anonymous_1107)
FN:111,(anonymous_1108)
FN:111,(anonymous_1109)
FN:111,(anonymous_1110)
FN:111,(anonymous_1111)
FN:111,(anonymous_1112)
FN:111,(anonymous_1113)
FN:111,(anonymous_1114)
FN:111,(anonymous_1115)
FN:111,(anonymous_1116)
FN:111,(anonymous_1117)
FN:111,(anonymous_1118)
FN:111,(anonymous_1119)
FN:111,(anonymous_1120)
FN:111,(anonymous_1121)
FN:111,(anonymous_1122)
FN:111,(anonymous_1123)
FN:111,(anonymous_1124)
FN:111,(anonymous_1125)
FN:111,(anonymous_1126)
FN:111,(anonymous_1127)
FN:111,(anonymous_1128)
FN:111,(anonymous_1129)
FN:111,(anonymous_1130)
FN:111,bo
FN:111,Qn
FN:111,(anonymous_1133)
FN:111,(anonymous_1134)
FN:111,dr
FN:111,(anonymous_1136)
FN:111,(anonymous_1137)
FN:111,(anonymous_1138)
FN:111,(anonymous_1139)
FN:111,(anonymous_1140)
FN:111,(anonymous_1141)
FN:111,(anonymous_1142)
FN:111,(anonymous_1143)
FN:111,$e
FN:111,(anonymous_1145)
FN:111,df
FN:111,(anonymous_1147)
FN:111,Dl
FN:111,mf
FN:111,ff
FN:111,(anonymous_1151)
FN:111,(anonymous_1152)
FN:111,(anonymous_1153)
FN:111,(anonymous_1154)
FN:111,(anonymous_1155)
FN:111,(anonymous_1156)
FN:111,(anonymous_1157)
FN:111,hf
FN:111,yf
FN:111,Ef
FN:111,(anonymous_1161)
FN:111,(anonymous_1162)
FN:111,(anonymous_1163)
FN:111,(anonymous_1164)
FN:111,(anonymous_1165)
FN:111,(anonymous_1166)
FN:111,(anonymous_1167)
FN:111,(anonymous_1168)
FN:111,(anonymous_1169)
FN:111,(anonymous_1170)
FN:112,(anonymous_1171)
FN:112,(anonymous_1172)
FN:112,(anonymous_1173)
FN:112,(anonymous_1174)
FN:112,(anonymous_1175)
FN:112,(anonymous_1176)
FN:112,(anonymous_1177)
FN:112,(anonymous_1178)
FN:112,(anonymous_1179)
FN:112,(anonymous_1180)
FN:112,(anonymous_1181)
FN:112,(anonymous_1182)
FN:112,(anonymous_1183)
FN:112,(anonymous_1184)
FN:112,(anonymous_1185)
FN:113,(anonymous_1186)
FN:113,(anonymous_1187)
FN:113,(anonymous_1188)
FN:113,(anonymous_1189)
FN:113,(anonymous_1190)
FN:113,wf
FN:113,So
FN:113,Ml
FN:114,Wn
FN:114,(anonymous_1195)
FN:114,(anonymous_1196)
FN:114,(anonymous_1197)
FN:114,Qr
FN:114,jl
FN:114,(anonymous_1200)
FN:114,Bl
FN:114,(anonymous_1202)
FN:114,xf
FN:114,Ul
FN:114,Vl
FN:114,Ro
FN:121,(anonymous_1207)
FN:121,(anonymous_1208)
FN:121,(anonymous_1209)
FN:121,(anonymous_1210)
FN:121,(anonymous_1211)
FN:121,(anonymous_1212)
FN:121,Ao
FN:121,(anonymous_1214)
FN:121,(anonymous_1215)
FN:121,(anonymous_1216)
FN:121,(anonymous_1217)
FN:121,(anonymous_1218)
FN:121,(anonymous_1219)
FN:121,(anonymous_1220)
FN:121,Jl
FN:121,(anonymous_1222)
FN:121,(anonymous_1223)
FN:121,(anonymous_1224)
FN:121,(anonymous_1225)
FN:121,(anonymous_1226)
FN:121,(anonymous_1227)
FN:121,(anonymous_1228)
FN:121,(anonymous_1229)
FN:121,(anonymous_1230)
FN:121,(anonymous_1231)
FN:121,(anonymous_1232)
FN:121,Hl
FN:121,Kl
FN:121,(anonymous_1235)
FN:121,(anonymous_1236)
FN:121,(anonymous_1237)
FN:121,Yl
FN:121,(anonymous_1239)
FN:121,(anonymous_1240)
FN:121,(anonymous_1241)
FN:121,(anonymous_1242)
FN:121,(anonymous_1243)
FN:121,Hn
FN:121,zl
FN:121,ko
FN:121,(anonymous_1247)
FN:121,Oo
FN:121,(anonymous_1249)
FN:121,(anonymous_1250)
FN:121,(anonymous_1251)
FN:121,(anonymous_1252)
FN:121,(anonymous_1253)
FN:121,(anonymous_1254)
FN:121,(anonymous_1255)
FN:121,(anonymous_1256)
FN:121,(anonymous_1257)
FN:121,(anonymous_1258)
FN:121,(anonymous_1259)
FN:121,(anonymous_1260)
FN:121,mr
FN:121,(anonymous_1262)
FN:121,(anonymous_1263)
FN:121,(anonymous_1264)
FN:121,(anonymous_1265)
FN:121,(anonymous_1266)
FN:121,(anonymous_1267)
FN:121,Yn
FN:121,Rf
FN:121,(anonymous_1270)
FN:121,(anonymous_1271)
FN:121,(anonymous_1272)
FN:121,(anonymous_1273)
FN:121,(anonymous_1274)
FN:121,(anonymous_1275)
FN:121,(anonymous_1276)
FN:121,(anonymous_1277)
FN:121,(anonymous_1278)
FN:121,(anonymous_1279)
FN:121,(anonymous_1280)
FN:121,(anonymous_1281)
FN:121,(anonymous_1282)
FN:121,(anonymous_1283)
FN:121,(anonymous_1284)
FN:121,(anonymous_1285)
FN:121,Af
FN:121,Xl
FN:121,If
FN:121,kf
FN:121,eu
FN:121,(anonymous_1291)
FN:122,(anonymous_1292)
FN:122,(anonymous_1293)
FN:125,(anonymous_1294)
FN:125,(anonymous_1295)
FN:126,(anonymous_1296)
FN:126,(anonymous_1297)
FN:126,r
FN:126,(anonymous_1299)
FN:126,(anonymous_1300)
FN:126,(anonymous_1301)
FN:126,(anonymous_1302)
FN:126,(anonymous_1303)
FN:126,lu
FN:126,Wr
FN:126,_f
FN:126,(anonymous_1307)
FN:126,(anonymous_1308)
FN:126,Nf
FN:126,su
FN:126,(anonymous_1311)
FN:126,Lf
FN:126,(anonymous_1313)
FN:126,(anonymous_1314)
FN:126,(anonymous_1315)
FN:126,(anonymous_1316)
FN:130,uu
FN:130,(anonymous_1318)
FN:130,(anonymous_1319)
FN:130,(anonymous_1320)
FN:130,(anonymous_1321)
FN:130,(anonymous_1322)
FN:130,(anonymous_1323)
FN:130,(anonymous_1324)
FN:130,(anonymous_1325)
FN:130,gu
FN:130,(anonymous_1327)
FN:130,(anonymous_1328)
FN:130,(anonymous_1329)
FN:130,(anonymous_1330)
FN:130,(anonymous_1331)
FN:130,(anonymous_1332)
FN:130,(anonymous_1333)
FN:130,(anonymous_1334)
FN:130,(anonymous_1335)
FN:130,(anonymous_1336)
FN:130,(anonymous_1337)
FN:130,(anonymous_1338)
FN:130,(anonymous_1339)
FN:130,(anonymous_1340)
FN:130,(anonymous_1341)
FN:130,(anonymous_1342)
FN:130,(anonymous_1343)
FN:130,(anonymous_1344)
FN:130,(anonymous_1345)
FN:130,(anonymous_1346)
FN:130,(anonymous_1347)
FN:130,(anonymous_1348)
FN:130,(anonymous_1349)
FN:130,(anonymous_1350)
FN:130,(anonymous_1351)
FN:130,(anonymous_1352)
FN:130,(anonymous_1353)
FN:130,(anonymous_1354)
FN:130,(anonymous_1355)
FN:130,(anonymous_1356)
FN:130,(anonymous_1357)
FN:130,(anonymous_1358)
FN:130,(anonymous_1359)
FN:130,(anonymous_1360)
FN:130,(anonymous_1361)
FN:130,(anonymous_1362)
FN:130,(anonymous_1363)
FN:130,(anonymous_1364)
FN:130,(anonymous_1365)
FN:130,(anonymous_1366)
FN:130,(anonymous_1367)
FN:130,(anonymous_1368)
FN:130,(anonymous_1369)
FN:131,(anonymous_1370)
FN:131,(anonymous_1371)
FN:131,cu
FN:131,qf
FN:131,hu
FN:131,(anonymous_1375)
FN:131,yu
FNF:1377
FNH:267
FNDA:2,(anonymous_0)
FNDA:2,(anonymous_1)
FNDA:14,(anonymous_2)
FNDA:20,(anonymous_3)
FNDA:7,(anonymous_4)
FNDA:31,(anonymous_5)
FNDA:27,(anonymous_6)
FNDA:30,(anonymous_7)
FNDA:1,(anonymous_8)
FNDA:1,(anonymous_9)
FNDA:36,(anonymous_10)
FNDA:1,(anonymous_11)
FNDA:4,fi
FNDA:4,gi
FNDA:0,(anonymous_14)
FNDA:2,$c
FNDA:1,(anonymous_16)
FNDA:0,cs
FNDA:0,(anonymous_18)
FNDA:2,hi
FNDA:1,(anonymous_20)
FNDA:1,(anonymous_21)
FNDA:1,(anonymous_22)
FNDA:1,(anonymous_23)
FNDA:0,(anonymous_24)
FNDA:0,(anonymous_25)
FNDA:1,(anonymous_26)
FNDA:0,(anonymous_27)
FNDA:1,(anonymous_28)
FNDA:0,(anonymous_29)
FNDA:1,(anonymous_30)
FNDA:0,(anonymous_31)
FNDA:1,(anonymous_32)
FNDA:1,(anonymous_33)
FNDA:6,op
FNDA:0,sp
FNDA:0,ap
FNDA:0,lp
FNDA:0,tn
FNDA:6,Is
FNDA:0,up
FNDA:0,ks
FNDA:6,As
FNDA:0,cp
FNDA:6,pp
FNDA:6,dp
FNDA:0,mp
FNDA:12,fp
FNDA:1,(anonymous_48)
FNDA:0,(anonymous_49)
FNDA:1,(anonymous_50)
FNDA:1,(anonymous_51)
FNDA:0,e
FNDA:0,(anonymous_53)
FNDA:1,(anonymous_54)
FNDA:1,(anonymous_55)
FNDA:0,(anonymous_56)
FNDA:1,(anonymous_57)
FNDA:1,(anonymous_58)
FNDA:1,(anonymous_59)
FNDA:0,(anonymous_60)
FNDA:1,(anonymous_61)
FNDA:1,(anonymous_62)
FNDA:1,(anonymous_63)
FNDA:1,(anonymous_64)
FNDA:1,(anonymous_65)
FNDA:1,(anonymous_66)
FNDA:0,(anonymous_67)
FNDA:1,(anonymous_68)
FNDA:1,(anonymous_69)
FNDA:0,(anonymous_70)
FNDA:0,(anonymous_71)
FNDA:0,(anonymous_72)
FNDA:1,(anonymous_73)
FNDA:1,(anonymous_74)
FNDA:1,(anonymous_75)
FNDA:1,(anonymous_76)
FNDA:1,(anonymous_77)
FNDA:0,(anonymous_78)
FNDA:1,(anonymous_79)
FNDA:1,(anonymous_80)
FNDA:0,(anonymous_81)
FNDA:1,(anonymous_82)
FNDA:1,(anonymous_83)
FNDA:1,(anonymous_84)
FNDA:1,(anonymous_85)
FNDA:1,(anonymous_86)
FNDA:1,(anonymous_87)
FNDA:0,No
FNDA:0,(anonymous_89)
FNDA:0,Lo
FNDA:1,(anonymous_91)
FNDA:0,Fo
FNDA:0,(anonymous_93)
FNDA:0,(anonymous_94)
FNDA:0,(anonymous_95)
FNDA:0,(anonymous_96)
FNDA:0,(anonymous_97)
FNDA:0,(anonymous_98)
FNDA:0,(anonymous_99)
FNDA:0,(anonymous_100)
FNDA:0,(anonymous_101)
FNDA:0,(anonymous_102)
FNDA:0,(anonymous_103)
FNDA:0,(anonymous_104)
FNDA:0,(anonymous_105)
FNDA:0,(anonymous_106)
FNDA:0,(anonymous_107)
FNDA:0,(anonymous_108)
FNDA:0,(anonymous_109)
FNDA:0,(anonymous_110)
FNDA:0,(anonymous_111)
FNDA:0,(anonymous_112)
FNDA:0,(anonymous_113)
FNDA:0,(anonymous_114)
FNDA:0,(anonymous_115)
FNDA:0,(anonymous_116)
FNDA:0,(anonymous_117)
FNDA:0,(anonymous_118)
FNDA:0,(anonymous_119)
FNDA:0,(anonymous_120)
FNDA:26,F
FNDA:11,(anonymous_122)
FNDA:0,(anonymous_123)
FNDA:0,(anonymous_124)
FNDA:74,(anonymous_125)
FNDA:74,(anonymous_126)
FNDA:74,(anonymous_127)
FNDA:74,(anonymous_128)
FNDA:0,(anonymous_129)
FNDA:18,Uu
FNDA:0,(anonymous_131)
FNDA:55,(anonymous_132)
FNDA:0,(anonymous_133)
FNDA:0,(anonymous_134)
FNDA:0,(anonymous_135)
FNDA:1,(anonymous_136)
FNDA:0,(anonymous_137)
FNDA:0,Gu
FNDA:0,(anonymous_139)
FNDA:0,Go
FNDA:0,(anonymous_141)
FNDA:0,(anonymous_142)
FNDA:0,Qo
FNDA:5,ii
FNDA:5,Bt
FNDA:0,(anonymous_146)
FNDA:0,(anonymous_147)
FNDA:0,(anonymous_148)
FNDA:0,(anonymous_149)
FNDA:0,(anonymous_150)
FNDA:0,(anonymous_151)
FNDA:0,(anonymous_152)
FNDA:0,(anonymous_153)
FNDA:0,(anonymous_154)
FNDA:0,(anonymous_155)
FNDA:0,(anonymous_156)
FNDA:8,pe
FNDA:0,(anonymous_158)
FNDA:0,(anonymous_159)
FNDA:0,(anonymous_160)
FNDA:0,(anonymous_161)
FNDA:0,Wu
FNDA:0,(anonymous_163)
FNDA:0,(anonymous_164)
FNDA:0,(anonymous_165)
FNDA:0,(anonymous_166)
FNDA:0,(anonymous_167)
FNDA:0,q
FNDA:0,(anonymous_169)
FNDA:0,(anonymous_170)
FNDA:0,(anonymous_171)
FNDA:0,(anonymous_172)
FNDA:0,(anonymous_173)
FNDA:0,Ju
FNDA:0,(anonymous_175)
FNDA:0,(anonymous_176)
FNDA:0,(anonymous_177)
FNDA:0,(anonymous_178)
FNDA:0,(anonymous_179)
FNDA:0,(anonymous_180)
FNDA:8,C
FNDA:0,(anonymous_182)
FNDA:0,(anonymous_183)
FNDA:0,Jo
FNDA:0,(anonymous_185)
FNDA:0,(anonymous_186)
FNDA:0,(anonymous_187)
FNDA:0,(anonymous_188)
FNDA:0,ye
FNDA:0,je
FNDA:0,Ve
FNDA:0,(anonymous_192)
FNDA:1,(anonymous_193)
FNDA:0,(anonymous_194)
FNDA:0,(anonymous_195)
FNDA:0,(anonymous_196)
FNDA:0,(anonymous_197)
FNDA:0,(anonymous_198)
FNDA:0,(anonymous_199)
FNDA:0,(anonymous_200)
FNDA:0,(anonymous_201)
FNDA:0,(anonymous_202)
FNDA:0,(anonymous_203)
FNDA:0,(anonymous_204)
FNDA:0,(anonymous_205)
FNDA:0,(anonymous_206)
FNDA:0,(anonymous_207)
FNDA:0,(anonymous_208)
FNDA:0,(anonymous_209)
FNDA:0,(anonymous_210)
FNDA:1,(anonymous_211)
FNDA:0,(anonymous_212)
FNDA:0,(anonymous_213)
FNDA:0,(anonymous_214)
FNDA:0,(anonymous_215)
FNDA:0,(anonymous_216)
FNDA:0,(anonymous_217)
FNDA:0,(anonymous_218)
FNDA:0,(anonymous_219)
FNDA:0,(anonymous_220)
FNDA:0,(anonymous_221)
FNDA:0,(anonymous_222)
FNDA:0,(anonymous_223)
FNDA:0,(anonymous_224)
FNDA:0,(anonymous_225)
FNDA:0,(anonymous_226)
FNDA:0,(anonymous_227)
FNDA:0,(anonymous_228)
FNDA:0,(anonymous_229)
FNDA:0,(anonymous_230)
FNDA:0,(anonymous_231)
FNDA:0,(anonymous_232)
FNDA:0,(anonymous_233)
FNDA:0,(anonymous_234)
FNDA:1,(anonymous_235)
FNDA:0,(anonymous_236)
FNDA:0,(anonymous_237)
FNDA:0,(anonymous_238)
FNDA:0,(anonymous_239)
FNDA:0,(anonymous_240)
FNDA:0,(anonymous_241)
FNDA:0,(anonymous_242)
FNDA:0,(anonymous_243)
FNDA:0,(anonymous_244)
FNDA:0,(anonymous_245)
FNDA:0,(anonymous_246)
FNDA:0,(anonymous_247)
FNDA:0,(anonymous_248)
FNDA:0,(anonymous_249)
FNDA:0,(anonymous_250)
FNDA:0,(anonymous_251)
FNDA:0,(anonymous_252)
FNDA:0,(anonymous_253)
FNDA:0,(anonymous_254)
FNDA:0,(anonymous_255)
FNDA:0,(anonymous_256)
FNDA:0,(anonymous_257)
FNDA:0,(anonymous_258)
FNDA:0,(anonymous_259)
FNDA:0,hr
FNDA:0,(anonymous_261)
FNDA:0,(anonymous_262)
FNDA:0,(anonymous_263)
FNDA:0,(anonymous_264)
FNDA:0,(anonymous_265)
FNDA:0,(anonymous_266)
FNDA:0,(anonymous_267)
FNDA:0,(anonymous_268)
FNDA:0,(anonymous_269)
FNDA:0,(anonymous_270)
FNDA:0,Qt
FNDA:5,Zo
FNDA:0,Zu
FNDA:0,(anonymous_274)
FNDA:0,(anonymous_275)
FNDA:0,(anonymous_276)
FNDA:0,(anonymous_277)
FNDA:0,(anonymous_278)
FNDA:0,(anonymous_279)
FNDA:0,(anonymous_280)
FNDA:0,(anonymous_281)
FNDA:0,(anonymous_282)
FNDA:0,(anonymous_283)
FNDA:0,(anonymous_284)
FNDA:0,(anonymous_285)
FNDA:0,Xu
FNDA:0,ec
FNDA:0,Ho
FNDA:0,Xo
FNDA:0,(anonymous_290)
FNDA:0,rc
FNDA:0,(anonymous_292)
FNDA:0,(anonymous_293)
FNDA:0,(anonymous_294)
FNDA:0,(anonymous_295)
FNDA:0,tc
FNDA:0,Ko
FNDA:0,nc
FNDA:0,(anonymous_299)
FNDA:10,ir
FNDA:15,ic
FNDA:5,pi
FNDA:15,es
FNDA:5,oc
FNDA:0,(anonymous_305)
FNDA:0,(anonymous_306)
FNDA:0,sc
FNDA:0,Ht
FNDA:0,(anonymous_309)
FNDA:0,ac
FNDA:0,rs
FNDA:0,(anonymous_312)
FNDA:0,(anonymous_313)
FNDA:0,(anonymous_314)
FNDA:0,(anonymous_315)
FNDA:0,(anonymous_316)
FNDA:0,(anonymous_317)
FNDA:0,(anonymous_318)
FNDA:0,(anonymous_319)
FNDA:0,(anonymous_320)
FNDA:0,(anonymous_321)
FNDA:0,(anonymous_322)
FNDA:0,(anonymous_323)
FNDA:0,(anonymous_324)
FNDA:0,(anonymous_325)
FNDA:0,(anonymous_326)
FNDA:0,(anonymous_327)
FNDA:0,(anonymous_328)
FNDA:0,(anonymous_329)
FNDA:0,(anonymous_330)
FNDA:0,(anonymous_331)
FNDA:0,(anonymous_332)
FNDA:0,(anonymous_333)
FNDA:0,(anonymous_334)
FNDA:0,(anonymous_335)
FNDA:0,(anonymous_336)
FNDA:0,(anonymous_337)
FNDA:0,(anonymous_338)
FNDA:0,(anonymous_339)
FNDA:0,(anonymous_340)
FNDA:0,(anonymous_341)
FNDA:0,(anonymous_342)
FNDA:0,(anonymous_343)
FNDA:0,(anonymous_344)
FNDA:0,(anonymous_345)
FNDA:0,(anonymous_346)
FNDA:0,(anonymous_347)
FNDA:0,(anonymous_348)
FNDA:0,(anonymous_349)
FNDA:0,(anonymous_350)
FNDA:0,(anonymous_351)
FNDA:0,(anonymous_352)
FNDA:0,(anonymous_353)
FNDA:0,(anonymous_354)
FNDA:0,or
FNDA:0,(anonymous_356)
FNDA:0,yi
FNDA:5,Er
FNDA:5,Bc
FNDA:0,gs
FNDA:0,vi
FNDA:0,Pi
FNDA:0,(anonymous_363)
FNDA:0,(anonymous_364)
FNDA:0,(anonymous_365)
FNDA:0,(anonymous_366)
FNDA:0,(anonymous_367)
FNDA:0,(anonymous_368)
FNDA:0,(anonymous_369)
FNDA:0,(anonymous_370)
FNDA:0,(anonymous_371)
FNDA:0,(anonymous_372)
FNDA:0,(anonymous_373)
FNDA:0,(anonymous_374)
FNDA:0,(anonymous_375)
FNDA:0,Ti
FNDA:5,Si
FNDA:0,Ai
FNDA:0,(anonymous_379)
FNDA:0,(anonymous_380)
FNDA:0,Wc
FNDA:0,(anonymous_382)
FNDA:0,(anonymous_383)
FNDA:0,Jc
FNDA:0,(anonymous_385)
FNDA:0,(anonymous_386)
FNDA:0,Hc
FNDA:0,(anonymous_388)
FNDA:0,(anonymous_389)
FNDA:0,(anonymous_390)
FNDA:0,(anonymous_391)
FNDA:0,(anonymous_392)
FNDA:0,(anonymous_393)
FNDA:0,(anonymous_394)
FNDA:0,(anonymous_395)
FNDA:0,(anonymous_396)
FNDA:0,(anonymous_397)
FNDA:0,Kc
FNDA:0,Ii
FNDA:0,Yc
FNDA:0,zc
FNDA:0,Zc
FNDA:0,rn
FNDA:0,_e
FNDA:0,Oi
FNDA:6,Ds
FNDA:60,(anonymous_407)
FNDA:0,(anonymous_408)
FNDA:6,it
FNDA:1,gp
FNDA:0,(anonymous_411)
FNDA:0,(anonymous_412)
FNDA:12,_s
FNDA:7,Ns
FNDA:12,hp
FNDA:0,Mi
FNDA:0,xr
FNDA:0,$i
FNDA:22,x
FNDA:0,(anonymous_420)
FNDA:0,(anonymous_421)
FNDA:0,(anonymous_422)
FNDA:0,(anonymous_423)
FNDA:0,(anonymous_424)
FNDA:0,(anonymous_425)
FNDA:0,(anonymous_426)
FNDA:0,(anonymous_427)
FNDA:0,(anonymous_428)
FNDA:0,(anonymous_429)
FNDA:0,(anonymous_430)
FNDA:0,(anonymous_431)
FNDA:0,(anonymous_432)
FNDA:0,(anonymous_433)
FNDA:0,(anonymous_434)
FNDA:0,(anonymous_435)
FNDA:0,(anonymous_436)
FNDA:0,(anonymous_437)
FNDA:0,(anonymous_438)
FNDA:0,(anonymous_439)
FNDA:0,(anonymous_440)
FNDA:0,(anonymous_441)
FNDA:0,(anonymous_442)
FNDA:0,(anonymous_443)
FNDA:0,(anonymous_444)
FNDA:0,(anonymous_445)
FNDA:0,(anonymous_446)
FNDA:0,(anonymous_447)
FNDA:0,(anonymous_448)
FNDA:0,(anonymous_449)
FNDA:0,(anonymous_450)
FNDA:0,(anonymous_451)
FNDA:0,(anonymous_452)
FNDA:0,(anonymous_453)
FNDA:0,(anonymous_454)
FNDA:0,(anonymous_455)
FNDA:0,(anonymous_456)
FNDA:0,(anonymous_457)
FNDA:0,(anonymous_458)
FNDA:0,(anonymous_459)
FNDA:0,(anonymous_460)
FNDA:0,(anonymous_461)
FNDA:0,(anonymous_462)
FNDA:0,(anonymous_463)
FNDA:0,(anonymous_464)
FNDA:0,(anonymous_465)
FNDA:0,(anonymous_466)
FNDA:0,(anonymous_467)
FNDA:0,(anonymous_468)
FNDA:0,(anonymous_469)
FNDA:0,(anonymous_470)
FNDA:0,(anonymous_471)
FNDA:0,(anonymous_472)
FNDA:0,(anonymous_473)
FNDA:0,(anonymous_474)
FNDA:0,(anonymous_475)
FNDA:0,(anonymous_476)
FNDA:0,(anonymous_477)
FNDA:0,(anonymous_478)
FNDA:0,(anonymous_479)
FNDA:0,(anonymous_480)
FNDA:0,(anonymous_481)
FNDA:0,(anonymous_482)
FNDA:0,(anonymous_483)
FNDA:0,(anonymous_484)
FNDA:0,(anonymous_485)
FNDA:0,(anonymous_486)
FNDA:0,(anonymous_487)
FNDA:0,(anonymous_488)
FNDA:0,J
FNDA:0,ie
FNDA:0,st
FNDA:0,an
FNDA:0,vp
FNDA:1,(anonymous_494)
FNDA:0,e
FNDA:0,r
FNDA:0,t
FNDA:0,(anonymous_498)
FNDA:0,y
FNDA:0,xe
FNDA:0,mn
FNDA:0,pn
FNDA:0,we
FNDA:0,Qs
FNDA:0,We
FNDA:0,Ws
FNDA:0,Ms
FNDA:0,Js
FNDA:0,Bi
FNDA:0,Je
FNDA:0,Hs
FNDA:2,ln
FNDA:0,Pp
FNDA:0,Tp
FNDA:0,Pr
FNDA:0,fn
FNDA:0,Ks
FNDA:0,Ui
FNDA:0,$s
FNDA:0,Sp
FNDA:0,Rp
FNDA:0,Cp
FNDA:0,Ap
FNDA:0,Ip
FNDA:0,kp
FNDA:0,Op
FNDA:0,Dp
FNDA:0,_p
FNDA:0,Np
FNDA:0,Lp
FNDA:0,Fp
FNDA:1,Mp
FNDA:0,$p
FNDA:0,qp
FNDA:1,Ys
FNDA:2,i
FNDA:0,jp
FNDA:0,Vp
FNDA:0,Bp
FNDA:0,Up
FNDA:3,qs
FNDA:0,Gp
FNDA:0,Qp
FNDA:0,Wp
FNDA:0,Jp
FNDA:0,Hp
FNDA:0,Kp
FNDA:0,Yp
FNDA:0,zp
FNDA:0,Zp
FNDA:0,Xp
FNDA:0,ed
FNDA:0,rd
FNDA:0,td
FNDA:0,nd
FNDA:0,id
FNDA:0,od
FNDA:0,sd
FNDA:0,ad
FNDA:0,ld
FNDA:0,ud
FNDA:1,Tr
FNDA:0,cd
FNDA:0,pd
FNDA:0,(anonymous_565)
FNDA:1,(anonymous_566)
FNDA:1,(anonymous_567)
FNDA:0,Ye
FNDA:0,zs
FNDA:1,at
FNDA:0,(anonymous_571)
FNDA:0,Zs
FNDA:0,Gi
FNDA:1,Sr
FNDA:0,gn
FNDA:1,Rr
FNDA:0,(anonymous_577)
FNDA:0,(anonymous_578)
FNDA:0,dd
FNDA:0,(anonymous_580)
FNDA:1,(anonymous_581)
FNDA:0,(anonymous_582)
FNDA:0,(anonymous_583)
FNDA:0,(anonymous_584)
FNDA:0,(anonymous_585)
FNDA:0,(anonymous_586)
FNDA:159,(anonymous_587)
FNDA:83,(anonymous_588)
FNDA:80,e
FNDA:12,(anonymous_590)
FNDA:2,(anonymous_591)
FNDA:1,(anonymous_592)
FNDA:79,(anonymous_593)
FNDA:25,e
FNDA:0,(anonymous_595)
FNDA:0,(anonymous_596)
FNDA:0,(anonymous_597)
FNDA:0,(anonymous_598)
FNDA:0,(anonymous_599)
FNDA:0,ge
FNDA:0,(anonymous_601)
FNDA:0,(anonymous_602)
FNDA:0,gd
FNDA:0,ea
FNDA:0,hd
FNDA:0,(anonymous_606)
FNDA:0,ra
FNDA:0,(anonymous_608)
FNDA:0,(anonymous_609)
FNDA:0,(anonymous_610)
FNDA:0,(anonymous_611)
FNDA:0,(anonymous_612)
FNDA:0,(anonymous_613)
FNDA:0,(anonymous_614)
FNDA:0,(anonymous_615)
FNDA:0,(anonymous_616)
FNDA:0,(anonymous_617)
FNDA:0,(anonymous_618)
FNDA:0,(anonymous_619)
FNDA:0,(anonymous_620)
FNDA:0,(anonymous_621)
FNDA:0,(anonymous_622)
FNDA:0,(anonymous_623)
FNDA:0,(anonymous_624)
FNDA:0,(anonymous_625)
FNDA:0,(anonymous_626)
FNDA:0,(anonymous_627)
FNDA:0,Ed
FNDA:0,wd
FNDA:0,(anonymous_630)
FNDA:0,(anonymous_631)
FNDA:0,(anonymous_632)
FNDA:0,xd
FNDA:0,vd
FNDA:0,Pd
FNDA:0,Td
FNDA:0,bn
FNDA:0,aa
FNDA:0,(anonymous_639)
FNDA:0,la
FNDA:0,(anonymous_641)
FNDA:0,Sd
FNDA:0,Rd
FNDA:0,Cd
FNDA:0,(anonymous_645)
FNDA:0,oa
FNDA:0,sa
FNDA:0,(anonymous_648)
FNDA:0,(anonymous_649)
FNDA:0,(anonymous_650)
FNDA:0,(anonymous_651)
FNDA:0,(anonymous_652)
FNDA:0,(anonymous_653)
FNDA:0,(anonymous_654)
FNDA:0,(anonymous_655)
FNDA:0,(anonymous_656)
FNDA:0,(anonymous_657)
FNDA:0,(anonymous_658)
FNDA:0,(anonymous_659)
FNDA:0,(anonymous_660)
FNDA:0,(anonymous_661)
FNDA:0,(anonymous_662)
FNDA:0,(anonymous_663)
FNDA:0,(anonymous_664)
FNDA:0,(anonymous_665)
FNDA:0,(anonymous_666)
FNDA:0,(anonymous_667)
FNDA:0,(anonymous_668)
FNDA:0,(anonymous_669)
FNDA:0,(anonymous_670)
FNDA:0,(anonymous_671)
FNDA:0,(anonymous_672)
FNDA:0,(anonymous_673)
FNDA:0,(anonymous_674)
FNDA:0,(anonymous_675)
FNDA:0,(anonymous_676)
FNDA:0,(anonymous_677)
FNDA:0,(anonymous_678)
FNDA:0,(anonymous_679)
FNDA:0,(anonymous_680)
FNDA:0,(anonymous_681)
FNDA:0,(anonymous_682)
FNDA:0,(anonymous_683)
FNDA:0,(anonymous_684)
FNDA:0,(anonymous_685)
FNDA:0,(anonymous_686)
FNDA:0,(anonymous_687)
FNDA:0,(anonymous_688)
FNDA:0,(anonymous_689)
FNDA:0,(anonymous_690)
FNDA:0,(anonymous_691)
FNDA:0,(anonymous_692)
FNDA:0,(anonymous_693)
FNDA:0,(anonymous_694)
FNDA:0,(anonymous_695)
FNDA:0,(anonymous_696)
FNDA:0,(anonymous_697)
FNDA:0,(anonymous_698)
FNDA:0,(anonymous_699)
FNDA:0,(anonymous_700)
FNDA:0,(anonymous_701)
FNDA:0,(anonymous_702)
FNDA:0,(anonymous_703)
FNDA:0,(anonymous_704)
FNDA:0,(anonymous_705)
FNDA:0,(anonymous_706)
FNDA:0,(anonymous_707)
FNDA:0,(anonymous_708)
FNDA:0,(anonymous_709)
FNDA:0,(anonymous_710)
FNDA:0,(anonymous_711)
FNDA:0,(anonymous_712)
FNDA:0,(anonymous_713)
FNDA:0,(anonymous_714)
FNDA:0,(anonymous_715)
FNDA:0,(anonymous_716)
FNDA:0,(anonymous_717)
FNDA:0,En
FNDA:0,Ad
FNDA:0,(anonymous_720)
FNDA:0,Id
FNDA:0,(anonymous_722)
FNDA:0,kd
FNDA:0,(anonymous_724)
FNDA:0,Od
FNDA:0,(anonymous_726)
FNDA:0,Dd
FNDA:0,(anonymous_728)
FNDA:0,_d
FNDA:0,(anonymous_730)
FNDA:0,Nd
FNDA:0,(anonymous_732)
FNDA:0,Ld
FNDA:0,(anonymous_734)
FNDA:0,Fd
FNDA:0,(anonymous_736)
FNDA:0,(anonymous_737)
FNDA:0,Md
FNDA:0,(anonymous_739)
FNDA:0,(anonymous_740)
FNDA:0,ma
FNDA:0,$d
FNDA:0,(anonymous_743)
FNDA:0,fa
FNDA:0,qd
FNDA:0,(anonymous_746)
FNDA:0,(anonymous_747)
FNDA:0,jd
FNDA:0,(anonymous_749)
FNDA:0,(anonymous_750)
FNDA:0,Vd
FNDA:0,(anonymous_752)
FNDA:0,Bd
FNDA:0,(anonymous_754)
FNDA:0,(anonymous_755)
FNDA:0,Ud
FNDA:0,(anonymous_757)
FNDA:0,(anonymous_758)
FNDA:0,ga
FNDA:0,Gd
FNDA:0,Qd
FNDA:0,Wd
FNDA:0,ha
FNDA:0,ya
FNDA:0,ct
FNDA:0,pt
FNDA:0,Pn
FNDA:0,Hd
FNDA:0,(anonymous_769)
FNDA:0,(anonymous_770)
FNDA:1,Dr
FNDA:3,(anonymous_772)
FNDA:3,(anonymous_773)
FNDA:0,(anonymous_774)
FNDA:0,(anonymous_775)
FNDA:3,Hi
FNDA:0,(anonymous_777)
FNDA:0,(anonymous_778)
FNDA:0,(anonymous_779)
FNDA:0,(anonymous_780)
FNDA:0,(anonymous_781)
FNDA:0,(anonymous_782)
FNDA:0,(anonymous_783)
FNDA:0,(anonymous_784)
FNDA:0,(anonymous_785)
FNDA:0,_r
FNDA:0,Ea
FNDA:0,wa
FNDA:0,Kd
FNDA:0,Cn
FNDA:0,An
FNDA:31,Se
FNDA:31,(anonymous_793)
FNDA:0,va
FNDA:0,Yd
FNDA:0,(anonymous_796)
FNDA:0,(anonymous_797)
FNDA:0,(anonymous_798)
FNDA:0,(anonymous_799)
FNDA:0,xa
FNDA:0,(anonymous_801)
FNDA:0,(anonymous_802)
FNDA:0,zd
FNDA:0,(anonymous_804)
FNDA:0,Pa
FNDA:1,Ta
FNDA:0,(anonymous_807)
FNDA:0,(anonymous_808)
FNDA:0,(anonymous_809)
FNDA:0,(anonymous_810)
FNDA:0,(anonymous_811)
FNDA:0,(anonymous_812)
FNDA:0,(anonymous_813)
FNDA:0,(anonymous_814)
FNDA:0,(anonymous_815)
FNDA:0,(anonymous_816)
FNDA:0,(anonymous_817)
FNDA:5,(anonymous_818)
FNDA:5,(anonymous_819)
FNDA:0,(anonymous_820)
FNDA:2,(anonymous_821)
FNDA:0,(anonymous_822)
FNDA:1,(anonymous_823)
FNDA:5,(anonymous_824)
FNDA:1,(anonymous_825)
FNDA:0,(anonymous_826)
FNDA:0,(anonymous_827)
FNDA:0,(anonymous_828)
FNDA:1,Sa
FNDA:0,Ra
FNDA:1,(anonymous_831)
FNDA:0,(anonymous_832)
FNDA:3,Re
FNDA:1,Dn
FNDA:1,bt
FNDA:1,Xd
FNDA:1,em
FNDA:0,rm
FNDA:1,tm
FNDA:0,nm
FNDA:3,Ia
FNDA:2,ka
FNDA:0,im
FNDA:1,om
FNDA:1,sm
FNDA:0,zi
FNDA:4,(anonymous_847)
FNDA:0,(anonymous_848)
FNDA:0,(anonymous_849)
FNDA:0,(anonymous_850)
FNDA:0,(anonymous_851)
FNDA:0,(anonymous_852)
FNDA:0,(anonymous_853)
FNDA:1,(anonymous_854)
FNDA:0,(anonymous_855)
FNDA:1,(anonymous_856)
FNDA:0,(anonymous_857)
FNDA:0,(anonymous_858)
FNDA:0,(anonymous_859)
FNDA:1,(anonymous_860)
FNDA:1,(anonymous_861)
FNDA:3,(anonymous_862)
FNDA:0,Oa
FNDA:5,(anonymous_864)
FNDA:0,(anonymous_865)
FNDA:0,(anonymous_866)
FNDA:1,Da
FNDA:0,(anonymous_868)
FNDA:0,(anonymous_869)
FNDA:0,am
FNDA:0,Zi
FNDA:0,(anonymous_872)
FNDA:0,(anonymous_873)
FNDA:0,(anonymous_874)
FNDA:0,(anonymous_875)
FNDA:0,_a
FNDA:0,(anonymous_877)
FNDA:0,Nn
FNDA:1,(anonymous_879)
FNDA:0,(anonymous_880)
FNDA:0,(anonymous_881)
FNDA:0,(anonymous_882)
FNDA:0,(anonymous_883)
FNDA:0,(anonymous_884)
FNDA:0,Na
FNDA:1,eo
FNDA:0,ro
FNDA:1,wt
FNDA:1,(anonymous_889)
FNDA:0,(anonymous_890)
FNDA:14,re
FNDA:14,(anonymous_892)
FNDA:0,(anonymous_893)
FNDA:6,ar
FNDA:6,(anonymous_895)
FNDA:1,(anonymous_896)
FNDA:1,(anonymous_897)
FNDA:0,(anonymous_898)
FNDA:1,Fn
FNDA:0,(anonymous_900)
FNDA:0,(anonymous_901)
FNDA:0,(anonymous_902)
FNDA:0,(anonymous_903)
FNDA:0,(anonymous_904)
FNDA:6,he
FNDA:2,(anonymous_906)
FNDA:0,(anonymous_907)
FNDA:0,(anonymous_908)
FNDA:6,(anonymous_909)
FNDA:0,(anonymous_910)
FNDA:0,(anonymous_911)
FNDA:0,(anonymous_912)
FNDA:0,(anonymous_913)
FNDA:6,lm
FNDA:0,Ma
FNDA:0,(anonymous_916)
FNDA:0,Fr
FNDA:0,(anonymous_918)
FNDA:0,(anonymous_919)
FNDA:0,(anonymous_920)
FNDA:0,Mr
FNDA:0,$a
FNDA:0,$r
FNDA:0,cm
FNDA:0,qa
FNDA:0,(anonymous_926)
FNDA:0,mm
FNDA:0,gm
FNDA:0,bm
FNDA:0,wm
FNDA:0,vm
FNDA:0,(anonymous_932)
FNDA:2,(anonymous_933)
FNDA:0,(anonymous_934)
FNDA:0,(anonymous_935)
FNDA:2,Ze
FNDA:0,qr
FNDA:0,(anonymous_938)
FNDA:0,Tm
FNDA:0,Mn
FNDA:0,(anonymous_941)
FNDA:0,Va
FNDA:0,Sm
FNDA:0,Rm
FNDA:0,(anonymous_945)
FNDA:0,(anonymous_946)
FNDA:0,Ba
FNDA:0,Cm
FNDA:0,Am
FNDA:0,(anonymous_950)
FNDA:0,(anonymous_951)
FNDA:0,Ua
FNDA:0,Ga
FNDA:0,(anonymous_954)
FNDA:0,(anonymous_955)
FNDA:0,(anonymous_956)
FNDA:0,Qa
FNDA:0,(anonymous_958)
FNDA:0,(anonymous_959)
FNDA:1,(anonymous_960)
FNDA:1,(anonymous_961)
FNDA:0,(anonymous_962)
FNDA:0,(anonymous_963)
FNDA:0,(anonymous_964)
FNDA:1,Im
FNDA:1,km
FNDA:1,oo
FNDA:12,(anonymous_968)
FNDA:1,(anonymous_969)
FNDA:1,(anonymous_970)
FNDA:1,Om
FNDA:12,(anonymous_972)
FNDA:2,(anonymous_973)
FNDA:1,so
FNDA:0,(anonymous_975)
FNDA:0,(anonymous_976)
FNDA:0,(anonymous_977)
FNDA:1,Nm
FNDA:1,(anonymous_979)
FNDA:1,(anonymous_980)
FNDA:1,(anonymous_981)
FNDA:1,(anonymous_982)
FNDA:1,(anonymous_983)
FNDA:0,Lm
FNDA:1,Fm
FNDA:0,(anonymous_986)
FNDA:1,Ha
FNDA:1,(anonymous_988)
FNDA:5,vt
FNDA:0,(anonymous_990)
FNDA:0,(anonymous_991)
FNDA:5,Mm
FNDA:5,(anonymous_993)
FNDA:0,(anonymous_994)
FNDA:5,$m
FNDA:5,(anonymous_996)
FNDA:1,(anonymous_997)
FNDA:0,(anonymous_998)
FNDA:0,Ka
FNDA:0,Ya
FNDA:0,za
FNDA:0,(anonymous_1002)
FNDA:0,(anonymous_1003)
FNDA:0,qm
FNDA:0,(anonymous_1005)
FNDA:0,jm
FNDA:0,(anonymous_1007)
FNDA:0,$n
FNDA:0,Za
FNDA:0,(anonymous_1010)
FNDA:1,Xa
FNDA:0,(anonymous_1012)
FNDA:0,rl
FNDA:0,Bm
FNDA:0,Um
FNDA:0,Pt
FNDA:0,nl
FNDA:0,(anonymous_1018)
FNDA:0,(anonymous_1019)
FNDA:1,il
FNDA:5,ol
FNDA:0,(anonymous_1022)
FNDA:0,sl
FNDA:0,(anonymous_1024)
FNDA:0,(anonymous_1025)
FNDA:0,(anonymous_1026)
FNDA:0,al
FNDA:0,(anonymous_1028)
FNDA:5,cl
FNDA:5,pl
FNDA:0,(anonymous_1031)
FNDA:0,(anonymous_1032)
FNDA:0,(anonymous_1033)
FNDA:0,(anonymous_1034)
FNDA:0,(anonymous_1035)
FNDA:0,(anonymous_1036)
FNDA:0,Ym
FNDA:0,(anonymous_1038)
FNDA:0,qn
FNDA:0,jn
FNDA:0,Zm
FNDA:0,Xe
FNDA:0,er
FNDA:0,(anonymous_1044)
FNDA:0,dl
FNDA:0,Vn
FNDA:0,Bn
FNDA:0,ml
FNDA:0,fl
FNDA:0,(anonymous_1050)
FNDA:0,gl
FNDA:0,(anonymous_1052)
FNDA:5,yl
FNDA:0,(anonymous_1054)
FNDA:0,(anonymous_1055)
FNDA:5,rf
FNDA:5,bl
FNDA:0,El
FNDA:0,(anonymous_1059)
FNDA:0,wl
FNDA:0,(anonymous_1061)
FNDA:0,vl
FNDA:0,Pl
FNDA:5,jr
FNDA:0,(anonymous_1065)
FNDA:0,(anonymous_1066)
FNDA:0,(anonymous_1067)
FNDA:0,R
FNDA:0,(anonymous_1069)
FNDA:0,(anonymous_1070)
FNDA:0,(anonymous_1071)
FNDA:0,(anonymous_1072)
FNDA:0,(anonymous_1073)
FNDA:0,(anonymous_1074)
FNDA:0,(anonymous_1075)
FNDA:0,(anonymous_1076)
FNDA:0,(anonymous_1077)
FNDA:0,(anonymous_1078)
FNDA:0,(anonymous_1079)
FNDA:0,(anonymous_1080)
FNDA:0,(anonymous_1081)
FNDA:0,(anonymous_1082)
FNDA:0,(anonymous_1083)
FNDA:0,(anonymous_1084)
FNDA:0,of
FNDA:0,Lt
FNDA:0,Ur
FNDA:0,Tl
FNDA:0,(anonymous_1089)
FNDA:0,(anonymous_1090)
FNDA:0,Sl
FNDA:0,Rl
FNDA:0,(anonymous_1093)
FNDA:0,sf
FNDA:0,ho
FNDA:0,(anonymous_1096)
FNDA:0,pr
FNDA:0,(anonymous_1098)
FNDA:0,uf
FNDA:0,Il
FNDA:0,cf
FNDA:0,(anonymous_1102)
FNDA:0,(anonymous_1103)
FNDA:0,(anonymous_1104)
FNDA:0,(anonymous_1105)
FNDA:0,(anonymous_1106)
FNDA:0,(anonymous_1107)
FNDA:0,(anonymous_1108)
FNDA:0,(anonymous_1109)
FNDA:0,(anonymous_1110)
FNDA:0,(anonymous_1111)
FNDA:0,(anonymous_1112)
FNDA:0,(anonymous_1113)
FNDA:0,(anonymous_1114)
FNDA:0,(anonymous_1115)
FNDA:0,(anonymous_1116)
FNDA:0,(anonymous_1117)
FNDA:0,(anonymous_1118)
FNDA:0,(anonymous_1119)
FNDA:0,(anonymous_1120)
FNDA:0,(anonymous_1121)
FNDA:0,(anonymous_1122)
FNDA:0,(anonymous_1123)
FNDA:0,(anonymous_1124)
FNDA:0,(anonymous_1125)
FNDA:0,(anonymous_1126)
FNDA:0,(anonymous_1127)
FNDA:0,(anonymous_1128)
FNDA:0,(anonymous_1129)
FNDA:0,(anonymous_1130)
FNDA:0,bo
FNDA:0,Qn
FNDA:0,(anonymous_1133)
FNDA:0,(anonymous_1134)
FNDA:0,dr
FNDA:0,(anonymous_1136)
FNDA:0,(anonymous_1137)
FNDA:0,(anonymous_1138)
FNDA:0,(anonymous_1139)
FNDA:0,(anonymous_1140)
FNDA:0,(anonymous_1141)
FNDA:0,(anonymous_1142)
FNDA:0,(anonymous_1143)
FNDA:0,$e
FNDA:0,(anonymous_1145)
FNDA:0,df
FNDA:0,(anonymous_1147)
FNDA:0,Dl
FNDA:5,mf
FNDA:5,ff
FNDA:5,(anonymous_1151)
FNDA:5,(anonymous_1152)
FNDA:0,(anonymous_1153)
FNDA:0,(anonymous_1154)
FNDA:0,(anonymous_1155)
FNDA:0,(anonymous_1156)
FNDA:0,(anonymous_1157)
FNDA:0,hf
FNDA:0,yf
FNDA:2,Ef
FNDA:5,(anonymous_1161)
FNDA:5,(anonymous_1162)
FNDA:30,(anonymous_1163)
FNDA:2,(anonymous_1164)
FNDA:0,(anonymous_1165)
FNDA:0,(anonymous_1166)
FNDA:5,(anonymous_1167)
FNDA:5,(anonymous_1168)
FNDA:5,(anonymous_1169)
FNDA:5,(anonymous_1170)
FNDA:1,(anonymous_1171)
FNDA:5,(anonymous_1172)
FNDA:0,(anonymous_1173)
FNDA:0,(anonymous_1174)
FNDA:0,(anonymous_1175)
FNDA:0,(anonymous_1176)
FNDA:0,(anonymous_1177)
FNDA:1,(anonymous_1178)
FNDA:1,(anonymous_1179)
FNDA:0,(anonymous_1180)
FNDA:0,(anonymous_1181)
FNDA:0,(anonymous_1182)
FNDA:5,(anonymous_1183)
FNDA:0,(anonymous_1184)
FNDA:1,(anonymous_1185)
FNDA:0,(anonymous_1186)
FNDA:0,(anonymous_1187)
FNDA:0,(anonymous_1188)
FNDA:0,(anonymous_1189)
FNDA:0,(anonymous_1190)
FNDA:0,wf
FNDA:0,So
FNDA:5,Ml
FNDA:5,Wn
FNDA:0,(anonymous_1195)
FNDA:0,(anonymous_1196)
FNDA:0,(anonymous_1197)
FNDA:0,Qr
FNDA:0,jl
FNDA:0,(anonymous_1200)
FNDA:0,Bl
FNDA:0,(anonymous_1202)
FNDA:0,xf
FNDA:0,Ul
FNDA:0,Vl
FNDA:0,Ro
FNDA:0,(anonymous_1207)
FNDA:0,(anonymous_1208)
FNDA:0,(anonymous_1209)
FNDA:0,(anonymous_1210)
FNDA:0,(anonymous_1211)
FNDA:0,(anonymous_1212)
FNDA:5,Ao
FNDA:1,(anonymous_1214)
FNDA:1,(anonymous_1215)
FNDA:0,(anonymous_1216)
FNDA:1,(anonymous_1217)
FNDA:0,(anonymous_1218)
FNDA:0,(anonymous_1219)
FNDA:0,(anonymous_1220)
FNDA:1,Jl
FNDA:7,(anonymous_1222)
FNDA:2,(anonymous_1223)
FNDA:0,(anonymous_1224)
FNDA:2,(anonymous_1225)
FNDA:18,(anonymous_1226)
FNDA:7,(anonymous_1227)
FNDA:2,(anonymous_1228)
FNDA:0,(anonymous_1229)
FNDA:2,(anonymous_1230)
FNDA:18,(anonymous_1231)
FNDA:29,(anonymous_1232)
FNDA:5,Hl
FNDA:0,Kl
FNDA:0,(anonymous_1235)
FNDA:0,(anonymous_1236)
FNDA:0,(anonymous_1237)
FNDA:0,Yl
FNDA:0,(anonymous_1239)
FNDA:0,(anonymous_1240)
FNDA:1,(anonymous_1241)
FNDA:0,(anonymous_1242)
FNDA:0,(anonymous_1243)
FNDA:0,Hn
FNDA:1,zl
FNDA:3,ko
FNDA:5,(anonymous_1247)
FNDA:1,Oo
FNDA:5,(anonymous_1249)
FNDA:1,(anonymous_1250)
FNDA:1,(anonymous_1251)
FNDA:1,(anonymous_1252)
FNDA:1,(anonymous_1253)
FNDA:1,(anonymous_1254)
FNDA:0,(anonymous_1255)
FNDA:0,(anonymous_1256)
FNDA:0,(anonymous_1257)
FNDA:0,(anonymous_1258)
FNDA:0,(anonymous_1259)
FNDA:0,(anonymous_1260)
FNDA:0,mr
FNDA:0,(anonymous_1262)
FNDA:0,(anonymous_1263)
FNDA:0,(anonymous_1264)
FNDA:0,(anonymous_1265)
FNDA:0,(anonymous_1266)
FNDA:0,(anonymous_1267)
FNDA:0,Yn
FNDA:0,Rf
FNDA:5,(anonymous_1270)
FNDA:0,(anonymous_1271)
FNDA:0,(anonymous_1272)
FNDA:0,(anonymous_1273)
FNDA:0,(anonymous_1274)
FNDA:1,(anonymous_1275)
FNDA:1,(anonymous_1276)
FNDA:0,(anonymous_1277)
FNDA:1,(anonymous_1278)
FNDA:1,(anonymous_1279)
FNDA:0,(anonymous_1280)
FNDA:0,(anonymous_1281)
FNDA:0,(anonymous_1282)
FNDA:1,(anonymous_1283)
FNDA:0,(anonymous_1284)
FNDA:0,(anonymous_1285)
FNDA:0,Af
FNDA:0,Xl
FNDA:0,If
FNDA:0,kf
FNDA:0,eu
FNDA:0,(anonymous_1291)
FNDA:0,(anonymous_1292)
FNDA:0,(anonymous_1293)
FNDA:0,(anonymous_1294)
FNDA:0,(anonymous_1295)
FNDA:0,(anonymous_1296)
FNDA:0,(anonymous_1297)
FNDA:0,r
FNDA:0,(anonymous_1299)
FNDA:0,(anonymous_1300)
FNDA:0,(anonymous_1301)
FNDA:0,(anonymous_1302)
FNDA:0,(anonymous_1303)
FNDA:0,lu
FNDA:0,Wr
FNDA:0,_f
FNDA:0,(anonymous_1307)
FNDA:0,(anonymous_1308)
FNDA:0,Nf
FNDA:0,su
FNDA:0,(anonymous_1311)
FNDA:0,Lf
FNDA:0,(anonymous_1313)
FNDA:0,(anonymous_1314)
FNDA:0,(anonymous_1315)
FNDA:0,(anonymous_1316)
FNDA:0,uu
FNDA:0,(anonymous_1318)
FNDA:0,(anonymous_1319)
FNDA:0,(anonymous_1320)
FNDA:0,(anonymous_1321)
FNDA:0,(anonymous_1322)
FNDA:1,(anonymous_1323)
FNDA:1,(anonymous_1324)
FNDA:0,(anonymous_1325)
FNDA:1,gu
FNDA:5,(anonymous_1327)
FNDA:0,(anonymous_1328)
FNDA:0,(anonymous_1329)
FNDA:0,(anonymous_1330)
FNDA:0,(anonymous_1331)
FNDA:0,(anonymous_1332)
FNDA:0,(anonymous_1333)
FNDA:0,(anonymous_1334)
FNDA:0,(anonymous_1335)
FNDA:0,(anonymous_1336)
FNDA:0,(anonymous_1337)
FNDA:0,(anonymous_1338)
FNDA:0,(anonymous_1339)
FNDA:0,(anonymous_1340)
FNDA:0,(anonymous_1341)
FNDA:0,(anonymous_1342)
FNDA:0,(anonymous_1343)
FNDA:0,(anonymous_1344)
FNDA:0,(anonymous_1345)
FNDA:0,(anonymous_1346)
FNDA:0,(anonymous_1347)
FNDA:0,(anonymous_1348)
FNDA:0,(anonymous_1349)
FNDA:0,(anonymous_1350)
FNDA:0,(anonymous_1351)
FNDA:0,(anonymous_1352)
FNDA:0,(anonymous_1353)
FNDA:0,(anonymous_1354)
FNDA:0,(anonymous_1355)
FNDA:0,(anonymous_1356)
FNDA:0,(anonymous_1357)
FNDA:0,(anonymous_1358)
FNDA:0,(anonymous_1359)
FNDA:0,(anonymous_1360)
FNDA:0,(anonymous_1361)
FNDA:1,(anonymous_1362)
FNDA:1,(anonymous_1363)
FNDA:0,(anonymous_1364)
FNDA:0,(anonymous_1365)
FNDA:1,(anonymous_1366)
FNDA:1,(anonymous_1367)
FNDA:1,(anonymous_1368)
FNDA:1,(anonymous_1369)
FNDA:0,(anonymous_1370)
FNDA:0,(anonymous_1371)
FNDA:0,cu
FNDA:0,qf
FNDA:1,hu
FNDA:0,(anonymous_1375)
FNDA:1,yu
DA:1,971
DA:2,60
DA:3,120
DA:4,8
DA:5,15
DA:6,5
DA:9,5
DA:11,0
DA:12,60
DA:13,1
DA:15,0
DA:19,0
DA:21,292
DA:22,0
DA:23,0
DA:24,0
DA:25,1
DA:26,1
DA:27,1
DA:28,3
DA:29,169
DA:30,1
DA:31,12
DA:33,5
DA:35,0
DA:36,0
DA:37,0
DA:42,0
DA:43,0
DA:45,0
DA:52,0
DA:57,0
DA:64,5
DA:65,0
DA:66,1
DA:69,0
DA:101,0
DA:110,5
DA:111,30
DA:112,5
DA:113,5
DA:114,5
DA:121,29
DA:122,1
DA:123,0
DA:124,0
DA:125,0
DA:126,0
DA:130,5
DA:131,5
LF:50
LH:29
BRDA:1,0,0,2
BRDA:1,0,1,2
BRDA:1,1,0,20
BRDA:1,1,1,14
BRDA:1,2,0,31
BRDA:1,2,1,0
BRDA:1,3,0,31
BRDA:1,3,1,31
BRDA:1,3,2,8
BRDA:1,4,0,971
BRDA:1,4,1,970
BRDA:1,4,2,970
BRDA:1,5,0,970
BRDA:1,5,1,970
BRDA:1,6,0,30
BRDA:1,6,1,0
BRDA:1,7,0,28
BRDA:1,7,1,2
BRDA:1,8,0,30
BRDA:1,8,1,27
BRDA:1,8,2,27
BRDA:1,9,0,36
BRDA:1,10,0,0
BRDA:1,10,1,36
BRDA:1,11,0,0
BRDA:1,11,1,36
BRDA:1,12,0,36
BRDA:1,12,1,0
BRDA:1,12,2,0
BRDA:1,13,0,0
BRDA:1,13,1,1
BRDA:1,14,0,1
BRDA:1,14,1,1
BRDA:1,14,2,1
BRDA:1,14,3,1
BRDA:1,15,0,1
BRDA:1,15,1,1
BRDA:1,15,2,1
BRDA:1,15,3,1
BRDA:1,15,4,0
BRDA:1,16,0,1
BRDA:1,16,1,0
BRDA:1,17,0,0
BRDA:1,17,1,0
BRDA:1,18,0,0
BRDA:1,18,1,0
BRDA:1,19,0,0
BRDA:1,19,1,0
BRDA:1,20,0,0
BRDA:1,20,1,4
BRDA:1,21,0,0
BRDA:1,21,1,4
BRDA:1,22,0,0
BRDA:1,22,1,4
BRDA:1,23,0,4
BRDA:1,23,1,4
BRDA:1,23,2,4
BRDA:1,24,0,0
BRDA:1,24,1,4
BRDA:1,25,0,0
BRDA:1,25,1,4
BRDA:1,26,0,4
BRDA:1,26,1,4
BRDA:1,26,2,0
BRDA:1,27,0,4
BRDA:1,27,1,4
BRDA:1,28,0,0
BRDA:1,28,1,4
BRDA:1,29,0,4
BRDA:1,29,1,0
BRDA:1,30,0,4
BRDA:1,30,1,0
BRDA:1,31,0,4
BRDA:1,31,1,4
BRDA:1,32,0,4
BRDA:1,32,1,0
BRDA:1,33,0,0
BRDA:1,33,1,0
BRDA:1,34,0,0
BRDA:1,34,1,0
BRDA:1,35,0,0
BRDA:1,35,1,0
BRDA:1,36,0,0
BRDA:1,36,1,0
BRDA:1,37,0,0
BRDA:1,37,1,0
BRDA:1,38,0,0
BRDA:1,38,1,0
BRDA:1,39,0,0
BRDA:1,39,1,0
BRDA:1,40,0,0
BRDA:1,40,1,0
BRDA:1,41,0,0
BRDA:1,41,1,0
BRDA:1,42,0,0
BRDA:1,42,1,0
BRDA:1,43,0,0
BRDA:1,43,1,0
BRDA:1,44,0,0
BRDA:1,44,1,0
BRDA:1,45,0,0
BRDA:1,45,1,0
BRDA:1,46,0,2
BRDA:1,46,1,2
BRDA:1,47,0,0
BRDA:1,47,1,0
BRDA:1,48,0,0
BRDA:1,48,1,0
BRDA:1,49,0,0
BRDA:1,49,1,0
BRDA:1,50,0,0
BRDA:1,50,1,2
BRDA:1,51,0,0
BRDA:1,51,1,0
BRDA:1,52,0,0
BRDA:1,52,1,2
BRDA:1,53,0,2
BRDA:1,53,1,2
BRDA:1,53,2,2
BRDA:1,53,3,2
BRDA:1,54,0,0
BRDA:1,54,1,2
BRDA:1,55,0,2
BRDA:1,55,1,2
BRDA:1,55,2,2
BRDA:1,56,0,0
BRDA:1,56,1,2
BRDA:1,57,0,2
BRDA:1,57,1,2
BRDA:1,57,2,2
BRDA:1,58,0,0
BRDA:1,58,1,2
BRDA:1,59,0,2
BRDA:1,59,1,0
BRDA:1,60,0,2
BRDA:1,60,1,0
BRDA:1,60,2,0
BRDA:1,61,0,0
BRDA:1,61,1,0
BRDA:1,62,0,0
BRDA:1,62,1,0
BRDA:1,63,0,0
BRDA:1,63,1,0
BRDA:1,63,2,0
BRDA:1,63,3,0
BRDA:1,64,0,0
BRDA:1,64,1,0
BRDA:1,65,0,0
BRDA:1,65,1,0
BRDA:1,65,2,0
BRDA:1,66,0,0
BRDA:1,66,1,0
BRDA:1,67,0,0
BRDA:1,67,1,0
BRDA:1,68,0,0
BRDA:1,68,1,0
BRDA:1,69,0,0
BRDA:1,70,0,0
BRDA:1,70,1,0
BRDA:1,71,0,0
BRDA:1,72,0,0
BRDA:1,72,1,0
BRDA:1,73,0,0
BRDA:1,73,1,0
BRDA:1,74,0,0
BRDA:1,74,1,0
BRDA:1,75,0,0
BRDA:1,75,1,0
BRDA:1,76,0,0
BRDA:1,76,1,0
BRDA:1,77,0,0
BRDA:1,78,0,0
BRDA:1,79,0,0
BRDA:1,79,1,0
BRDA:1,80,0,0
BRDA:1,80,1,0
BRDA:2,81,0,60
BRDA:2,81,1,0
BRDA:2,82,0,60
BRDA:2,82,1,18
BRDA:3,83,0,0
BRDA:3,83,1,0
BRDA:3,84,0,0
BRDA:3,84,1,0
BRDA:3,85,0,0
BRDA:3,85,1,6
BRDA:3,86,0,6
BRDA:3,86,1,6
BRDA:3,86,2,0
BRDA:3,87,0,0
BRDA:3,87,1,6
BRDA:3,88,0,6
BRDA:3,88,1,0
BRDA:3,89,0,0
BRDA:3,89,1,0
BRDA:3,90,0,0
BRDA:3,90,1,0
BRDA:3,91,0,0
BRDA:3,91,1,0
BRDA:3,92,0,0
BRDA:3,92,1,0
BRDA:3,93,0,0
BRDA:3,93,1,0
BRDA:3,94,0,0
BRDA:3,94,1,0
BRDA:3,94,2,0
BRDA:3,95,0,0
BRDA:3,95,1,0
BRDA:3,96,0,0
BRDA:3,96,1,0
BRDA:3,97,0,0
BRDA:3,97,1,0
BRDA:3,98,0,0
BRDA:3,98,1,0
BRDA:3,99,0,0
BRDA:3,99,1,0
BRDA:3,100,0,0
BRDA:3,100,1,6
BRDA:3,101,0,0
BRDA:3,101,1,0
BRDA:3,101,2,0
BRDA:3,102,0,6
BRDA:3,102,1,6
BRDA:3,103,0,0
BRDA:3,103,1,6
BRDA:3,104,0,6
BRDA:3,104,1,6
BRDA:3,105,0,6
BRDA:3,105,1,0
BRDA:3,106,0,6
BRDA:3,106,1,0
BRDA:3,107,0,6
BRDA:3,107,1,6
BRDA:3,108,0,6
BRDA:3,108,1,0
BRDA:3,109,0,0
BRDA:3,109,1,0
BRDA:3,110,0,6
BRDA:3,110,1,6
BRDA:3,110,2,0
BRDA:3,111,0,0
BRDA:3,111,1,6
BRDA:3,112,0,6
BRDA:3,112,1,0
BRDA:3,113,0,0
BRDA:3,113,1,0
BRDA:3,114,0,0
BRDA:3,114,1,0
BRDA:3,115,0,0
BRDA:3,115,1,0
BRDA:3,116,0,0
BRDA:3,116,1,0
BRDA:3,117,0,0
BRDA:3,118,0,12
BRDA:3,118,1,12
BRDA:3,119,0,12
BRDA:3,119,1,12
BRDA:3,120,0,0
BRDA:3,120,1,12
BRDA:3,121,0,60
BRDA:3,121,1,60
BRDA:3,122,0,60
BRDA:3,122,1,0
BRDA:3,123,0,60
BRDA:3,123,1,0
BRDA:3,124,0,0
BRDA:3,124,1,0
BRDA:3,125,0,0
BRDA:3,126,0,0
BRDA:3,126,1,0
BRDA:3,127,0,0
BRDA:3,127,1,0
BRDA:3,128,0,0
BRDA:3,128,1,0
BRDA:3,129,0,0
BRDA:3,129,1,0
BRDA:3,130,0,0
BRDA:3,130,1,0
BRDA:3,131,0,0
BRDA:3,131,1,0
BRDA:3,132,0,0
BRDA:3,132,1,0
BRDA:3,133,0,0
BRDA:3,133,1,0
BRDA:3,134,0,0
BRDA:3,134,1,0
BRDA:3,135,0,0
BRDA:3,135,1,0
BRDA:3,136,0,0
BRDA:3,136,1,0
BRDA:3,137,0,0
BRDA:3,137,1,0
BRDA:3,138,0,0
BRDA:3,138,1,0
BRDA:3,139,0,0
BRDA:3,139,1,0
BRDA:3,140,0,0
BRDA:3,140,1,0
BRDA:3,141,0,0
BRDA:3,141,1,0
BRDA:3,142,0,0
BRDA:3,142,1,0
BRDA:3,143,0,0
BRDA:3,143,1,0
BRDA:3,144,0,1
BRDA:3,144,1,1
BRDA:3,145,0,1
BRDA:3,145,1,0
BRDA:3,146,0,1
BRDA:3,146,1,1
BRDA:3,147,0,1
BRDA:3,147,1,1
BRDA:3,147,2,1
BRDA:3,147,3,1
BRDA:3,147,4,0
BRDA:3,147,5,1
BRDA:3,148,0,0
BRDA:3,148,1,11
BRDA:3,149,0,11
BRDA:3,149,1,11
BRDA:3,150,0,0
BRDA:3,150,1,11
BRDA:3,151,0,1
BRDA:3,151,1,0
BRDA:3,152,0,1
BRDA:3,152,1,1
BRDA:3,153,0,0
BRDA:3,153,1,1
BRDA:3,154,0,0
BRDA:3,154,1,0
BRDA:3,155,0,74
BRDA:3,155,1,0
BRDA:3,156,0,74
BRDA:3,156,1,0
BRDA:3,157,0,74
BRDA:3,157,1,0
BRDA:3,158,0,74
BRDA:3,158,1,0
BRDA:3,159,0,74
BRDA:3,159,1,0
BRDA:3,160,0,0
BRDA:3,160,1,0
BRDA:3,161,0,0
BRDA:3,161,1,55
BRDA:3,162,0,55
BRDA:3,162,1,55
BRDA:3,163,0,55
BRDA:3,163,1,0
BRDA:3,164,0,55
BRDA:3,164,1,55
BRDA:3,165,0,0
BRDA:3,165,1,0
BRDA:3,166,0,0
BRDA:3,166,1,0
BRDA:3,167,0,0
BRDA:3,168,0,0
BRDA:3,168,1,0
BRDA:3,169,0,0
BRDA:3,169,1,0
BRDA:3,170,0,0
BRDA:3,170,1,0
BRDA:3,171,0,0
BRDA:3,171,1,0
BRDA:3,172,0,0
BRDA:3,173,0,0
BRDA:3,173,1,0
BRDA:4,174,0,0
BRDA:4,174,1,0
BRDA:4,175,0,0
BRDA:4,175,1,5
BRDA:4,176,0,5
BRDA:4,176,1,5
BRDA:4,177,0,5
BRDA:4,177,1,0
BRDA:4,178,0,5
BRDA:4,178,1,0
BRDA:4,179,0,0
BRDA:4,179,1,5
BRDA:4,180,0,0
BRDA:4,180,1,0
BRDA:4,181,0,0
BRDA:4,181,1,0
BRDA:4,182,0,0
BRDA:4,182,1,0
BRDA:4,183,0,0
BRDA:4,183,1,0
BRDA:4,184,0,0
BRDA:4,184,1,0
BRDA:4,185,0,0
BRDA:4,185,1,0
BRDA:4,186,0,0
BRDA:4,186,1,0
BRDA:4,186,2,0
BRDA:4,187,0,0
BRDA:4,187,1,0
BRDA:4,188,0,0
BRDA:4,188,1,0
BRDA:4,189,0,0
BRDA:4,189,1,0
BRDA:4,190,0,0
BRDA:4,190,1,0
BRDA:4,191,0,0
BRDA:4,191,1,0
BRDA:4,192,0,0
BRDA:4,192,1,0
BRDA:4,193,0,0
BRDA:4,193,1,0
BRDA:4,194,0,0
BRDA:4,194,1,0
BRDA:4,195,0,0
BRDA:4,195,1,0
BRDA:4,196,0,0
BRDA:4,196,1,0
BRDA:4,197,0,0
BRDA:4,197,1,0
BRDA:4,198,0,0
BRDA:4,198,1,0
BRDA:4,199,0,0
BRDA:4,199,1,0
BRDA:4,199,2,0
BRDA:4,199,3,0
BRDA:4,200,0,0
BRDA:4,200,1,0
BRDA:4,201,0,0
BRDA:4,201,1,0
BRDA:4,201,2,0
BRDA:4,201,3,0
BRDA:4,202,0,0
BRDA:4,202,1,0
BRDA:4,203,0,0
BRDA:4,203,1,0
BRDA:4,204,0,0
BRDA:4,204,1,0
BRDA:4,205,0,0
BRDA:4,205,1,0
BRDA:4,206,0,0
BRDA:4,206,1,0
BRDA:4,207,0,0
BRDA:4,207,1,0
BRDA:4,208,0,0
BRDA:4,208,1,0
BRDA:4,209,0,0
BRDA:4,209,1,0
BRDA:4,210,0,0
BRDA:4,210,1,0
BRDA:4,211,0,0
BRDA:4,211,1,0
BRDA:4,212,0,0
BRDA:4,212,1,0
BRDA:4,213,0,0
BRDA:4,213,1,0
BRDA:4,214,0,0
BRDA:4,214,1,0
BRDA:4,215,0,0
BRDA:4,215,1,0
BRDA:4,216,0,0
BRDA:4,216,1,0
BRDA:4,217,0,0
BRDA:4,217,1,0
BRDA:4,218,0,0
BRDA:4,218,1,0
BRDA:4,219,0,0
BRDA:4,219,1,0
BRDA:4,220,0,0
BRDA:4,220,1,0
BRDA:4,221,0,0
BRDA:4,221,1,0
BRDA:4,222,0,0
BRDA:4,222,1,0
BRDA:4,223,0,0
BRDA:4,223,1,0
BRDA:4,223,2,0
BRDA:4,224,0,0
BRDA:4,224,1,0
BRDA:4,225,0,0
BRDA:4,225,1,0
BRDA:4,226,0,0
BRDA:4,226,1,0
BRDA:4,227,0,0
BRDA:4,227,1,0
BRDA:4,228,0,0
BRDA:4,228,1,0
BRDA:4,229,0,0
BRDA:4,229,1,0
BRDA:4,230,0,0
BRDA:4,230,1,0
BRDA:4,231,0,0
BRDA:4,231,1,0
BRDA:4,232,0,0
BRDA:4,232,1,0
BRDA:4,232,2,0
BRDA:4,233,0,0
BRDA:4,233,1,0
BRDA:4,234,0,0
BRDA:4,234,1,0
BRDA:4,235,0,0
BRDA:4,235,1,0
BRDA:4,236,0,0
BRDA:4,236,1,0
BRDA:4,237,0,0
BRDA:4,237,1,0
BRDA:4,238,0,0
BRDA:4,238,1,0
BRDA:4,239,0,0
BRDA:4,239,1,0
BRDA:4,240,0,0
BRDA:4,240,1,0
BRDA:4,241,0,0
BRDA:4,241,1,0
BRDA:4,242,0,0
BRDA:4,242,1,0
BRDA:4,243,0,0
BRDA:4,243,1,0
BRDA:4,244,0,0
BRDA:4,244,1,0
BRDA:4,244,2,0
BRDA:4,245,0,0
BRDA:4,245,1,0
BRDA:4,246,0,0
BRDA:4,246,1,0
BRDA:4,247,0,0
BRDA:4,247,1,0
BRDA:4,248,0,0
BRDA:4,248,1,0
BRDA:4,249,0,0
BRDA:4,249,1,0
BRDA:4,250,0,0
BRDA:4,250,1,0
BRDA:4,251,0,0
BRDA:4,251,1,0
BRDA:4,252,0,0
BRDA:4,252,1,5
BRDA:4,253,0,0
BRDA:4,253,1,0
BRDA:4,254,0,0
BRDA:4,254,1,0
BRDA:4,255,0,0
BRDA:4,255,1,0
BRDA:4,256,0,5
BRDA:4,256,1,0
BRDA:4,257,0,0
BRDA:4,257,1,0
BRDA:4,257,2,0
BRDA:4,257,3,0
BRDA:4,258,0,0
BRDA:4,258,1,0
BRDA:4,258,2,0
BRDA:4,258,3,0
BRDA:4,259,0,0
BRDA:4,259,1,0
BRDA:4,260,0,0
BRDA:4,260,1,0
BRDA:4,261,0,0
BRDA:4,261,1,0
BRDA:4,261,2,0
BRDA:4,261,3,0
BRDA:5,262,0,0
BRDA:5,262,1,0
BRDA:5,263,0,0
BRDA:5,263,1,0
BRDA:5,264,0,0
BRDA:5,264,1,0
BRDA:5,265,0,0
BRDA:5,265,1,0
BRDA:5,266,0,0
BRDA:5,266,1,0
BRDA:5,267,0,0
BRDA:5,267,1,0
BRDA:5,268,0,0
BRDA:5,268,1,0
BRDA:5,269,0,0
BRDA:5,269,1,0
BRDA:5,270,0,0
BRDA:5,270,1,0
BRDA:5,271,0,0
BRDA:5,271,1,0
BRDA:5,272,0,0
BRDA:5,272,1,0
BRDA:5,273,0,0
BRDA:5,273,1,0
BRDA:5,274,0,0
BRDA:5,274,1,0
BRDA:5,275,0,0
BRDA:5,275,1,0
BRDA:5,276,0,0
BRDA:5,276,1,0
BRDA:5,277,0,10
BRDA:5,277,1,5
BRDA:5,278,0,5
BRDA:5,278,1,0
BRDA:5,278,2,0
BRDA:5,279,0,0
BRDA:5,279,1,5
BRDA:5,280,0,5
BRDA:5,280,1,0
BRDA:6,281,0,0
BRDA:6,281,1,5
BRDA:6,282,0,5
BRDA:6,282,1,0
BRDA:6,282,2,0
BRDA:6,283,0,5
BRDA:6,283,1,0
BRDA:6,284,0,0
BRDA:6,284,1,5
BRDA:6,285,0,5
BRDA:6,285,1,0
BRDA:6,286,0,0
BRDA:6,286,1,0
BRDA:6,287,0,0
BRDA:6,287,1,0
BRDA:6,288,0,0
BRDA:6,288,1,0
BRDA:6,289,0,0
BRDA:6,289,1,0
BRDA:6,290,0,0
BRDA:6,290,1,0
BRDA:6,291,0,0
BRDA:6,291,1,0
BRDA:6,292,0,0
BRDA:6,292,1,0
BRDA:6,293,0,0
BRDA:6,293,1,0
BRDA:6,294,0,0
BRDA:6,294,1,0
BRDA:6,295,0,0
BRDA:6,295,1,0
BRDA:6,296,0,0
BRDA:6,296,1,0
BRDA:6,297,0,0
BRDA:6,297,1,0
BRDA:6,298,0,0
BRDA:6,298,1,0
BRDA:6,299,0,0
BRDA:6,299,1,0
BRDA:6,300,0,0
BRDA:6,300,1,0
BRDA:6,301,0,0
BRDA:6,301,1,0
BRDA:6,302,0,0
BRDA:6,302,1,0
BRDA:6,303,0,0
BRDA:6,303,1,0
BRDA:6,303,2,0
BRDA:6,304,0,0
BRDA:6,304,1,0
BRDA:6,305,0,0
BRDA:6,305,1,0
BRDA:6,306,0,0
BRDA:6,306,1,0
BRDA:6,307,0,0
BRDA:6,307,1,0
BRDA:6,308,0,1
BRDA:6,308,1,0
BRDA:6,309,0,1
BRDA:6,309,1,0
BRDA:6,310,0,1
BRDA:6,310,1,0
BRDA:6,311,0,1
BRDA:6,311,1,0
BRDA:6,312,0,1
BRDA:6,312,1,1
BRDA:6,312,2,1
BRDA:6,312,3,1
BRDA:6,313,0,1
BRDA:6,313,1,1
BRDA:6,313,2,0
BRDA:6,314,0,1
BRDA:6,314,1,1
BRDA:6,314,2,1
BRDA:6,314,3,1
BRDA:6,315,0,1
BRDA:6,315,1,1
BRDA:6,315,2,0
BRDA:6,315,3,1
BRDA:6,316,0,1
BRDA:6,316,1,1
BRDA:6,316,2,1
BRDA:6,316,3,1
BRDA:6,317,0,1
BRDA:6,317,1,1
BRDA:6,318,0,1
BRDA:6,318,1,1
BRDA:6,319,0,0
BRDA:6,319,1,1
BRDA:6,320,0,0
BRDA:6,320,1,0
BRDA:6,321,0,0
BRDA:6,321,1,0
BRDA:6,322,0,0
BRDA:6,322,1,0
BRDA:6,323,0,0
BRDA:6,323,1,0
BRDA:6,324,0,0
BRDA:6,324,1,0
BRDA:6,325,0,0
BRDA:6,325,1,0
BRDA:6,326,0,0
BRDA:6,326,1,0
BRDA:6,327,0,0
BRDA:6,328,0,0
BRDA:6,329,0,0
BRDA:6,330,0,0
BRDA:6,331,0,0
BRDA:6,331,1,1
BRDA:6,332,0,0
BRDA:6,332,1,1
BRDA:6,333,0,0
BRDA:6,333,1,0
BRDA:6,334,0,0
BRDA:6,334,1,0
BRDA:6,335,0,1
BRDA:6,335,1,0
BRDA:6,336,0,0
BRDA:6,337,0,0
BRDA:6,337,1,0
BRDA:6,338,0,0
BRDA:6,338,1,0
BRDA:6,339,0,0
BRDA:6,339,1,0
BRDA:6,340,0,0
BRDA:6,341,0,0
BRDA:6,342,0,0
BRDA:6,342,1,0
BRDA:6,343,0,0
BRDA:6,343,1,0
BRDA:6,343,2,0
BRDA:6,344,0,0
BRDA:6,344,1,0
BRDA:6,344,2,0
BRDA:6,345,0,0
BRDA:6,345,1,0
BRDA:6,346,0,0
BRDA:6,346,1,0
BRDA:6,347,0,0
BRDA:6,347,1,0
BRDA:6,348,0,0
BRDA:6,349,0,0
BRDA:6,350,0,0
BRDA:6,350,1,0
BRDA:6,351,0,0
BRDA:6,351,1,0
BRDA:6,352,0,0
BRDA:6,352,1,0
BRDA:6,353,0,0
BRDA:6,354,0,5
BRDA:6,354,1,5
BRDA:6,355,0,5
BRDA:6,355,1,0
BRDA:6,356,0,0
BRDA:6,356,1,0
BRDA:6,357,0,0
BRDA:6,357,1,0
BRDA:6,358,0,0
BRDA:6,358,1,5
BRDA:6,359,0,0
BRDA:6,359,1,5
BRDA:6,360,0,0
BRDA:6,360,1,5
BRDA:6,361,0,0
BRDA:6,361,1,0
BRDA:6,362,0,0
BRDA:6,362,1,0
BRDA:6,363,0,0
BRDA:6,363,1,0
BRDA:6,364,0,0
BRDA:6,364,1,0
BRDA:6,365,0,0
BRDA:6,365,1,0
BRDA:6,366,0,0
BRDA:6,366,1,0
BRDA:6,367,0,0
BRDA:6,367,1,0
BRDA:9,368,0,0
BRDA:9,368,1,0
BRDA:9,369,0,5
BRDA:9,369,1,0
BRDA:9,370,0,0
BRDA:9,370,1,0
BRDA:11,371,0,0
BRDA:11,371,1,0
BRDA:11,372,0,0
BRDA:11,372,1,0
BRDA:11,373,0,0
BRDA:11,373,1,0
BRDA:12,374,0,0
BRDA:12,374,1,0
BRDA:12,375,0,0
BRDA:12,375,1,0
BRDA:12,376,0,0
BRDA:12,376,1,0
BRDA:12,377,0,0
BRDA:12,377,1,0
BRDA:12,378,0,0
BRDA:12,378,1,6
BRDA:12,379,0,60
BRDA:12,379,1,60
BRDA:12,380,0,0
BRDA:12,380,1,0
BRDA:12,381,0,0
BRDA:12,381,1,0
BRDA:12,382,0,0
BRDA:12,382,1,0
BRDA:12,383,0,0
BRDA:12,383,1,0
BRDA:12,384,0,60
BRDA:12,384,1,0
BRDA:12,385,0,0
BRDA:12,386,0,6
BRDA:12,386,1,1
BRDA:12,387,0,6
BRDA:12,387,1,6
BRDA:12,388,0,6
BRDA:12,388,1,6
BRDA:12,388,2,0
BRDA:12,389,0,0
BRDA:12,389,1,6
BRDA:13,390,0,0
BRDA:13,390,1,1
BRDA:13,391,0,1
BRDA:13,391,1,0
BRDA:13,391,2,0
BRDA:13,391,3,0
BRDA:13,392,0,0
BRDA:13,392,1,0
BRDA:13,393,0,0
BRDA:13,393,1,0
BRDA:13,394,0,0
BRDA:13,394,1,0
BRDA:13,395,0,0
BRDA:13,395,1,0
BRDA:19,396,0,0
BRDA:19,396,1,0
BRDA:19,397,0,0
BRDA:19,397,1,0
BRDA:21,398,0,6
BRDA:21,398,1,6
BRDA:21,399,0,0
BRDA:21,399,1,6
BRDA:21,400,0,7
BRDA:21,400,1,0
BRDA:21,400,2,0
BRDA:21,401,0,12
BRDA:21,401,1,6
BRDA:21,402,0,0
BRDA:21,402,1,0
BRDA:21,403,0,0
BRDA:21,403,1,0
BRDA:21,404,0,0
BRDA:21,404,1,0
BRDA:21,405,0,0
BRDA:21,405,1,0
BRDA:21,406,0,0
BRDA:21,406,1,0
BRDA:21,407,0,0
BRDA:21,407,1,0
BRDA:21,408,0,0
BRDA:21,408,1,0
BRDA:21,409,0,0
BRDA:21,409,1,0
BRDA:21,410,0,0
BRDA:21,410,1,0
BRDA:21,411,0,0
BRDA:21,411,1,0
BRDA:21,412,0,0
BRDA:21,412,1,0
BRDA:21,413,0,0
BRDA:21,413,1,0
BRDA:21,414,0,0
BRDA:21,414,1,0
BRDA:21,415,0,0
BRDA:21,415,1,0
BRDA:21,416,0,0
BRDA:21,416,1,0
BRDA:21,417,0,0
BRDA:21,417,1,0
BRDA:21,418,0,0
BRDA:21,418,1,0
BRDA:21,419,0,0
BRDA:21,419,1,0
BRDA:21,420,0,0
BRDA:21,420,1,0
BRDA:21,421,0,0
BRDA:21,421,1,0
BRDA:21,422,0,0
BRDA:21,422,1,0
BRDA:21,423,0,0
BRDA:21,423,1,0
BRDA:21,424,0,0
BRDA:21,424,1,0
BRDA:21,425,0,0
BRDA:21,425,1,0
BRDA:21,426,0,0
BRDA:21,426,1,0
BRDA:21,427,0,0
BRDA:21,427,1,0
BRDA:21,428,0,0
BRDA:21,428,1,0
BRDA:21,429,0,0
BRDA:21,429,1,0
BRDA:21,430,0,0
BRDA:21,430,1,0
BRDA:21,431,0,0
BRDA:21,431,1,0
BRDA:21,432,0,0
BRDA:21,432,1,0
BRDA:21,433,0,0
BRDA:21,433,1,0
BRDA:21,434,0,0
BRDA:21,434,1,0
BRDA:21,435,0,0
BRDA:21,435,1,0
BRDA:21,436,0,0
BRDA:21,436,1,0
BRDA:21,437,0,0
BRDA:21,437,1,0
BRDA:21,438,0,0
BRDA:21,438,1,0
BRDA:21,439,0,0
BRDA:21,439,1,0
BRDA:21,440,0,0
BRDA:21,440,1,0
BRDA:21,441,0,0
BRDA:21,441,1,0
BRDA:21,442,0,0
BRDA:21,442,1,0
BRDA:21,443,0,0
BRDA:21,443,1,0
BRDA:21,444,0,0
BRDA:21,444,1,0
BRDA:21,445,0,0
BRDA:21,445,1,0
BRDA:21,445,2,0
BRDA:21,446,0,0
BRDA:21,446,1,0
BRDA:21,447,0,0
BRDA:21,447,1,0
BRDA:21,448,0,0
BRDA:21,448,1,0
BRDA:21,448,2,0
BRDA:21,448,3,0
BRDA:21,449,0,0
BRDA:21,449,1,0
BRDA:21,450,0,0
BRDA:21,450,1,0
BRDA:21,451,0,0
BRDA:21,451,1,0
BRDA:21,452,0,0
BRDA:21,452,1,0
BRDA:21,453,0,0
BRDA:21,453,1,0
BRDA:21,454,0,0
BRDA:21,454,1,0
BRDA:21,455,0,0
BRDA:21,455,1,0
BRDA:21,456,0,0
BRDA:21,456,1,0
BRDA:21,457,0,0
BRDA:21,457,1,0
BRDA:21,458,0,0
BRDA:21,458,1,0
BRDA:21,459,0,0
BRDA:21,459,1,0
BRDA:21,460,0,0
BRDA:21,460,1,0
BRDA:21,461,0,0
BRDA:21,461,1,0
BRDA:21,462,0,0
BRDA:21,462,1,0
BRDA:21,463,0,0
BRDA:21,463,1,0
BRDA:21,464,0,0
BRDA:21,464,1,0
BRDA:21,465,0,0
BRDA:21,465,1,0
BRDA:21,466,0,0
BRDA:21,466,1,0
BRDA:21,467,0,0
BRDA:21,467,1,0
BRDA:21,468,0,0
BRDA:21,468,1,0
BRDA:21,469,0,0
BRDA:21,469,1,0
BRDA:21,470,0,0
BRDA:21,470,1,0
BRDA:21,471,0,0
BRDA:21,471,1,0
BRDA:21,472,0,0
BRDA:21,472,1,0
BRDA:21,473,0,0
BRDA:21,473,1,0
BRDA:21,474,0,0
BRDA:21,474,1,0
BRDA:21,475,0,0
BRDA:21,475,1,0
BRDA:21,476,0,0
BRDA:21,476,1,0
BRDA:21,477,0,0
BRDA:21,477,1,0
BRDA:21,478,0,0
BRDA:21,478,1,0
BRDA:21,479,0,0
BRDA:21,479,1,0
BRDA:21,480,0,0
BRDA:21,480,1,0
BRDA:21,481,0,0
BRDA:21,481,1,0
BRDA:21,482,0,0
BRDA:21,482,1,0
BRDA:21,483,0,0
BRDA:21,483,1,0
BRDA:21,484,0,0
BRDA:21,484,1,0
BRDA:21,485,0,0
BRDA:21,485,1,0
BRDA:21,486,0,0
BRDA:21,486,1,0
BRDA:21,487,0,0
BRDA:21,487,1,0
BRDA:21,488,0,0
BRDA:21,488,1,0
BRDA:21,489,0,0
BRDA:21,489,1,0
BRDA:21,490,0,0
BRDA:21,490,1,0
BRDA:21,491,0,0
BRDA:21,491,1,0
BRDA:21,492,0,0
BRDA:21,492,1,0
BRDA:21,493,0,0
BRDA:21,493,1,0
BRDA:21,493,2,0
BRDA:21,493,3,0
BRDA:21,494,0,0
BRDA:21,494,1,0
BRDA:21,495,0,0
BRDA:21,495,1,0
BRDA:21,495,2,0
BRDA:21,495,3,0
BRDA:21,496,0,0
BRDA:21,496,1,0
BRDA:21,497,0,0
BRDA:21,497,1,0
BRDA:21,498,0,0
BRDA:21,498,1,0
BRDA:21,499,0,0
BRDA:21,499,1,0
BRDA:21,500,0,0
BRDA:21,500,1,0
BRDA:21,501,0,0
BRDA:21,501,1,0
BRDA:21,502,0,0
BRDA:21,502,1,0
BRDA:21,503,0,0
BRDA:21,503,1,0
BRDA:21,504,0,0
BRDA:21,504,1,0
BRDA:21,505,0,0
BRDA:21,505,1,0
BRDA:21,506,0,0
BRDA:21,506,1,0
BRDA:21,507,0,0
BRDA:21,507,1,0
BRDA:21,508,0,0
BRDA:21,508,1,0
BRDA:21,509,0,0
BRDA:21,509,1,0
BRDA:21,510,0,0
BRDA:21,510,1,0
BRDA:21,511,0,0
BRDA:21,511,1,0
BRDA:21,512,0,0
BRDA:21,512,1,0
BRDA:21,513,0,0
BRDA:21,513,1,0
BRDA:21,514,0,0
BRDA:21,514,1,0
BRDA:21,515,0,0
BRDA:21,515,1,0
BRDA:21,516,0,0
BRDA:21,516,1,0
BRDA:21,517,0,0
BRDA:21,517,1,0
BRDA:21,518,0,0
BRDA:21,518,1,0
BRDA:21,519,0,0
BRDA:21,519,1,0
BRDA:21,520,0,0
BRDA:21,520,1,0
BRDA:21,521,0,0
BRDA:21,521,1,0
BRDA:21,522,0,0
BRDA:21,522,1,0
BRDA:21,523,0,0
BRDA:21,523,1,0
BRDA:21,524,0,0
BRDA:21,524,1,0
BRDA:21,525,0,0
BRDA:21,525,1,0
BRDA:21,526,0,0
BRDA:21,526,1,0
BRDA:21,527,0,0
BRDA:21,527,1,0
BRDA:21,528,0,0
BRDA:21,528,1,0
BRDA:21,529,0,0
BRDA:21,529,1,0
BRDA:21,530,0,0
BRDA:21,530,1,0
BRDA:21,531,0,0
BRDA:21,531,1,0
BRDA:21,532,0,0
BRDA:21,532,1,0
BRDA:21,533,0,0
BRDA:21,533,1,0
BRDA:21,533,2,0
BRDA:21,533,3,0
BRDA:21,534,0,0
BRDA:21,534,1,0
BRDA:21,535,0,0
BRDA:21,535,1,0
BRDA:21,535,2,0
BRDA:21,536,0,0
BRDA:21,536,1,0
BRDA:21,537,0,0
BRDA:21,537,1,0
BRDA:21,538,0,0
BRDA:21,538,1,0
BRDA:21,539,0,0
BRDA:21,539,1,0
BRDA:21,540,0,0
BRDA:21,540,1,0
BRDA:21,541,0,0
BRDA:21,541,1,0
BRDA:21,542,0,0
BRDA:21,542,1,0
BRDA:21,543,0,0
BRDA:21,543,1,0
BRDA:21,544,0,0
BRDA:21,544,1,0
BRDA:21,545,0,0
BRDA:21,545,1,0
BRDA:21,546,0,0
BRDA:21,546,1,0
BRDA:21,547,0,0
BRDA:21,547,1,0
BRDA:21,548,0,0
BRDA:21,548,1,0
BRDA:21,549,0,0
BRDA:21,549,1,0
BRDA:21,550,0,0
BRDA:21,550,1,0
BRDA:21,551,0,0
BRDA:21,551,1,0
BRDA:21,552,0,0
BRDA:21,552,1,0
BRDA:21,553,0,0
BRDA:21,553,1,0
BRDA:21,554,0,0
BRDA:21,554,1,0
BRDA:21,555,0,0
BRDA:21,555,1,0
BRDA:21,556,0,0
BRDA:21,556,1,0
BRDA:21,557,0,0
BRDA:21,557,1,0
BRDA:21,557,2,0
BRDA:21,557,3,0
BRDA:21,558,0,0
BRDA:21,558,1,0
BRDA:21,559,0,0
BRDA:21,559,1,0
BRDA:21,559,2,0
BRDA:21,560,0,0
BRDA:21,560,1,0
BRDA:21,561,0,0
BRDA:21,561,1,0
BRDA:21,562,0,0
BRDA:21,562,1,0
BRDA:21,563,0,0
BRDA:21,563,1,0
BRDA:21,564,0,0
BRDA:21,564,1,0
BRDA:21,564,2,0
BRDA:21,565,0,0
BRDA:21,565,1,0
BRDA:21,566,0,0
BRDA:21,566,1,0
BRDA:21,566,2,0
BRDA:21,566,3,0
BRDA:21,567,0,0
BRDA:21,567,1,0
BRDA:21,568,0,0
BRDA:21,568,1,0
BRDA:21,569,0,0
BRDA:21,569,1,0
BRDA:21,570,0,0
BRDA:21,570,1,0
BRDA:21,571,0,0
BRDA:21,571,1,0
BRDA:21,572,0,0
BRDA:21,572,1,0
BRDA:21,573,0,0
BRDA:21,573,1,0
BRDA:21,574,0,0
BRDA:21,574,1,0
BRDA:21,575,0,0
BRDA:21,575,1,0
BRDA:21,575,2,0
BRDA:21,576,0,0
BRDA:21,576,1,0
BRDA:21,577,0,0
BRDA:21,577,1,0
BRDA:21,578,0,0
BRDA:21,578,1,0
BRDA:21,578,2,0
BRDA:21,578,3,0
BRDA:21,579,0,0
BRDA:21,579,1,0
BRDA:21,580,0,0
BRDA:21,580,1,0
BRDA:21,581,0,0
BRDA:21,581,1,0
BRDA:21,582,0,0
BRDA:21,582,1,0
BRDA:21,583,0,0
BRDA:21,583,1,0
BRDA:21,584,0,0
BRDA:21,584,1,0
BRDA:21,584,2,0
BRDA:21,584,3,0
BRDA:21,585,0,0
BRDA:21,585,1,0
BRDA:21,586,0,0
BRDA:21,586,1,0
BRDA:21,586,2,0
BRDA:21,586,3,0
BRDA:21,586,4,0
BRDA:21,586,5,0
BRDA:21,586,6,0
BRDA:21,587,0,0
BRDA:21,587,1,0
BRDA:21,588,0,0
BRDA:21,588,1,0
BRDA:21,589,0,0
BRDA:21,589,1,0
BRDA:21,590,0,0
BRDA:21,590,1,0
BRDA:21,591,0,0
BRDA:21,591,1,0
BRDA:21,592,0,0
BRDA:21,592,1,0
BRDA:21,593,0,0
BRDA:21,593,1,0
BRDA:21,594,0,0
BRDA:21,594,1,0
BRDA:21,595,0,0
BRDA:21,595,1,0
BRDA:21,596,0,0
BRDA:21,596,1,0
BRDA:21,597,0,0
BRDA:21,597,1,0
BRDA:21,598,0,0
BRDA:21,598,1,0
BRDA:21,599,0,0
BRDA:21,599,1,0
BRDA:21,600,0,0
BRDA:21,600,1,0
BRDA:21,601,0,0
BRDA:21,601,1,0
BRDA:21,602,0,0
BRDA:21,602,1,0
BRDA:21,603,0,0
BRDA:21,603,1,0
BRDA:21,604,0,0
BRDA:21,604,1,0
BRDA:21,605,0,0
BRDA:21,605,1,0
BRDA:21,606,0,0
BRDA:21,606,1,0
BRDA:21,607,0,0
BRDA:21,607,1,0
BRDA:21,608,0,0
BRDA:21,608,1,0
BRDA:21,609,0,0
BRDA:21,609,1,0
BRDA:21,610,0,0
BRDA:21,610,1,0
BRDA:21,611,0,0
BRDA:21,611,1,0
BRDA:21,612,0,0
[...]
BRDA:121,1724,0,0
BRDA:121,1724,1,0
BRDA:121,1725,0,0
BRDA:121,1725,1,0
BRDA:121,1726,0,0
BRDA:121,1726,1,0
BRDA:121,1727,0,0
BRDA:121,1727,1,0
BRDA:121,1727,2,0
BRDA:121,1728,0,0
BRDA:121,1728,1,0
BRDA:121,1729,0,0
BRDA:121,1729,1,0
BRDA:121,1730,0,0
BRDA:121,1730,1,0
BRDA:122,1731,0,0
BRDA:122,1731,1,0
BRDA:122,1732,0,0
BRDA:122,1732,1,0
BRDA:122,1733,0,0
BRDA:122,1733,1,0
BRDA:122,1734,0,0
BRDA:122,1734,1,0
BRDA:122,1735,0,0
BRDA:122,1735,1,0
BRDA:122,1736,0,0
BRDA:122,1736,1,0
BRDA:122,1737,0,0
BRDA:122,1737,1,0
BRDA:123,1738,0,0
BRDA:123,1738,1,0
BRDA:123,1739,0,0
BRDA:123,1739,1,0
BRDA:123,1740,0,0
BRDA:123,1740,1,0
BRDA:124,1741,0,0
BRDA:124,1741,1,0
BRDA:125,1742,0,0
BRDA:125,1742,1,0
BRDA:125,1743,0,0
BRDA:125,1743,1,0
BRDA:125,1744,0,0
BRDA:125,1744,1,0
BRDA:125,1745,0,0
BRDA:125,1745,1,0
BRDA:125,1746,0,0
BRDA:125,1746,1,0
BRDA:125,1747,0,0
BRDA:125,1747,1,0
BRDA:125,1748,0,0
BRDA:125,1748,1,0
BRDA:125,1749,0,0
BRDA:125,1749,1,0
BRDA:126,1750,0,0
BRDA:126,1750,1,0
BRDA:126,1751,0,0
BRDA:126,1751,1,0
BRDA:126,1752,0,0
BRDA:126,1752,1,0
BRDA:126,1753,0,0
BRDA:126,1753,1,0
BRDA:126,1754,0,0
BRDA:126,1754,1,0
BRDA:126,1755,0,0
BRDA:126,1755,1,0
BRDA:126,1756,0,0
BRDA:126,1756,1,0
BRDA:126,1757,0,0
BRDA:126,1757,1,0
BRDA:126,1758,0,0
BRDA:126,1758,1,0
BRDA:126,1759,0,0
BRDA:126,1759,1,0
BRDA:126,1760,0,0
BRDA:126,1760,1,0
BRDA:126,1761,0,0
BRDA:126,1761,1,0
BRDA:126,1762,0,0
BRDA:126,1762,1,0
BRDA:126,1763,0,0
BRDA:126,1763,1,0
BRDA:126,1764,0,0
BRDA:126,1764,1,0
BRDA:126,1765,0,0
BRDA:126,1765,1,0
BRDA:126,1766,0,0
BRDA:126,1766,1,0
BRDA:126,1767,0,0
BRDA:126,1767,1,0
BRDA:126,1768,0,0
BRDA:126,1768,1,0
BRDA:126,1769,0,0
BRDA:126,1769,1,0
BRDA:126,1770,0,0
BRDA:126,1770,1,0
BRDA:126,1771,0,0
BRDA:126,1771,1,0
BRDA:126,1772,0,0
BRDA:126,1772,1,0
BRDA:126,1773,0,0
BRDA:126,1773,1,0
BRDA:126,1774,0,0
BRDA:126,1774,1,0
BRDA:126,1775,0,0
BRDA:126,1775,1,0
BRDA:126,1776,0,0
BRDA:126,1776,1,0
BRDA:126,1777,0,0
BRDA:126,1777,1,0
BRDA:126,1778,0,0
BRDA:126,1778,1,0
BRDA:126,1779,0,0
BRDA:126,1779,1,0
BRDA:126,1780,0,0
BRDA:126,1780,1,0
BRDA:126,1781,0,0
BRDA:126,1781,1,0
BRDA:126,1782,0,0
BRDA:126,1782,1,0
BRDA:126,1783,0,0
BRDA:126,1783,1,0
BRDA:126,1784,0,0
BRDA:126,1784,1,0
BRDA:126,1785,0,0
BRDA:126,1785,1,0
BRDA:126,1786,0,0
BRDA:126,1786,1,0
BRDA:126,1787,0,0
BRDA:126,1787,1,0
BRDA:126,1787,2,0
BRDA:126,1787,3,0
BRDA:130,1788,0,0
BRDA:130,1788,1,0
BRDA:130,1789,0,0
BRDA:130,1789,1,0
BRDA:130,1790,0,0
BRDA:130,1790,1,0
BRDA:130,1791,0,0
BRDA:130,1791,1,0
BRDA:130,1792,0,0
BRDA:130,1792,1,0
BRDA:130,1793,0,0
BRDA:130,1793,1,0
BRDA:130,1794,0,0
BRDA:130,1794,1,0
BRDA:130,1795,0,0
BRDA:130,1795,1,0
BRDA:130,1796,0,1
BRDA:130,1796,1,1
BRDA:130,1797,0,5
BRDA:130,1797,1,5
BRDA:130,1798,0,5
BRDA:130,1798,1,0
BRDA:130,1799,0,5
BRDA:130,1799,1,0
BRDA:130,1800,0,5
BRDA:130,1800,1,5
BRDA:130,1801,0,5
BRDA:130,1801,1,0
BRDA:130,1802,0,5
BRDA:130,1802,1,5
BRDA:130,1803,0,0
BRDA:130,1803,1,5
BRDA:130,1804,0,0
BRDA:130,1804,1,0
BRDA:130,1805,0,0
BRDA:130,1805,1,0
BRDA:130,1806,0,0
BRDA:130,1806,1,0
BRDA:130,1807,0,0
BRDA:130,1807,1,0
BRDA:130,1808,0,5
BRDA:130,1808,1,5
BRDA:130,1808,2,5
BRDA:130,1808,3,0
BRDA:130,1809,0,5
BRDA:130,1809,1,5
BRDA:130,1810,0,5
BRDA:130,1810,1,5
BRDA:130,1811,0,5
BRDA:130,1811,1,0
BRDA:130,1812,0,5
BRDA:130,1812,1,0
BRDA:130,1813,0,5
BRDA:130,1813,1,5
BRDA:130,1814,0,0
BRDA:130,1814,1,5
BRDA:130,1815,0,0
BRDA:130,1815,1,5
BRDA:130,1816,0,0
BRDA:130,1816,1,5
BRDA:130,1817,0,0
BRDA:130,1817,1,5
BRDA:130,1818,0,5
BRDA:130,1818,1,5
BRDA:130,1819,0,5
BRDA:130,1819,1,0
BRDA:130,1820,0,5
BRDA:130,1820,1,0
BRDA:130,1821,0,0
BRDA:130,1821,1,0
BRDA:130,1822,0,0
BRDA:130,1822,1,0
BRDA:130,1823,0,5
BRDA:130,1823,1,0
BRDA:130,1824,0,5
BRDA:130,1824,1,5
BRDA:130,1825,0,5
BRDA:130,1825,1,5
BRDA:130,1826,0,0
BRDA:130,1826,1,0
BRDA:130,1827,0,0
BRDA:130,1827,1,0
BRDA:130,1828,0,0
BRDA:130,1828,1,0
BRDA:130,1829,0,0
BRDA:130,1829,1,0
BRDA:130,1830,0,0
BRDA:130,1830,1,0
BRDA:130,1831,0,0
BRDA:130,1831,1,0
BRDA:130,1832,0,0
BRDA:130,1832,1,0
BRDA:130,1833,0,0
BRDA:130,1833,1,0
BRDA:130,1834,0,0
BRDA:130,1834,1,0
BRDA:130,1835,0,0
BRDA:130,1835,1,0
BRDA:130,1836,0,0
BRDA:130,1836,1,0
BRDA:130,1837,0,0
BRDA:130,1837,1,0
BRDA:130,1838,0,0
BRDA:130,1838,1,0
BRDA:130,1839,0,0
BRDA:130,1839,1,0
BRDA:130,1840,0,0
BRDA:130,1840,1,0
BRDA:130,1841,0,0
BRDA:130,1841,1,0
BRDA:130,1842,0,0
BRDA:130,1842,1,0
BRDA:130,1843,0,0
BRDA:130,1843,1,0
BRDA:130,1844,0,0
BRDA:130,1844,1,0
BRDA:130,1845,0,0
BRDA:130,1845,1,0
BRDA:130,1846,0,0
BRDA:130,1846,1,0
BRDA:130,1847,0,0
BRDA:130,1847,1,0
BRDA:130,1848,0,1
BRDA:130,1848,1,1
BRDA:130,1849,0,1
BRDA:130,1849,1,0
BRDA:130,1850,0,0
BRDA:130,1850,1,1
BRDA:130,1851,0,1
BRDA:130,1851,1,1
BRDA:130,1852,0,1
BRDA:130,1852,1,0
BRDA:130,1852,2,0
BRDA:130,1853,0,1
BRDA:130,1853,1,0
BRDA:130,1854,0,0
BRDA:130,1854,1,1
BRDA:130,1855,0,1
BRDA:130,1855,1,0
BRDA:131,1856,0,1
BRDA:131,1856,1,0
BRDA:131,1857,0,0
BRDA:131,1857,1,0
BRDA:131,1858,0,0
BRDA:131,1858,1,0
BRDA:131,1859,0,0
BRDA:131,1859,1,0
BRDA:131,1860,0,0
BRDA:131,1860,1,0
BRDA:131,1861,0,1
BRDA:131,1861,1,0
BRF:3955
BRH:521
end_of_record
TN:
SF:src\middlewares\error.middleware.ts
FN:4,handleError
FNF:1
FNH:0
FNDA:0,handleError
DA:2,1
DA:4,1
DA:10,0
DA:11,0
LF:4
LH:2
BRF:0
BRH:0
end_of_record
TN:
SF:src\middlewares\validate-jwt.middleware.ts
FN:5,validateJwt
FNF:1
FNH:1
FNDA:1,validateJwt
DA:2,1
DA:3,1
DA:5,1
DA:6,1
DA:8,1
DA:9,0
DA:15,1
DA:16,1
DA:24,1
DA:25,1
DA:26,1
DA:28,0
LF:12
LH:10
BRDA:8,0,0,0
BRF:1
BRH:0
end_of_record
TN:
SF:src\middlewares\validate-permission-param.ts
FN:6,validatePermissionParam
FNF:1
FNH:0
FNDA:0,validatePermissionParam
DA:2,1
DA:3,1
DA:4,1
DA:6,1
DA:11,0
DA:12,0
DA:13,0
DA:14,0
DA:20,0
DA:24,0
DA:30,0
DA:34,0
DA:39,0
LF:13
LH:4
BRDA:13,0,0,0
BRDA:20,1,0,0
BRDA:21,2,0,0
BRDA:21,2,1,0
BRDA:30,3,0,0
BRDA:31,4,0,0
BRDA:31,4,1,0
BRF:7
BRH:0
end_of_record
TN:
SF:src\middlewares\validate-role.middleware.ts
FN:4,validateRole
FN:5,(anonymous_1)
FNF:2
FNH:1
FNDA:6,validateRole
FNDA:0,(anonymous_1)
DA:2,1
DA:4,1
DA:5,6
DA:6,0
DA:7,0
DA:11,0
LF:6
LH:3
BRDA:6,0,0,0
BRF:1
BRH:0
end_of_record
TN:
SF:src\middlewares\validate-user-creation.middleware.ts
FN:10,validateUserCreation
FNF:1
FNH:0
FNDA:0,validateUserCreation
DA:2,1
DA:3,1
DA:10,1
DA:15,0
DA:16,0
DA:17,0
DA:25,0
DA:26,0
DA:27,0
DA:34,0
DA:35,0
DA:36,0
DA:43,0
DA:45,0
LF:14
LH:3
BRDA:15,0,0,0
BRDA:16,1,0,0
BRDA:25,2,0,0
BRDA:26,3,0,0
BRDA:34,4,0,0
BRDA:35,5,0,0
BRF:6
BRH:0
end_of_record
TN:
SF:src\middlewares\validate-user-list.middleware.ts
FN:5,validateUserList
FNF:1
FNH:0
FNDA:0,validateUserList
DA:2,1
DA:3,1
DA:5,1
DA:10,0
DA:12,0
DA:13,0
DA:18,0
LF:7
LH:3
BRDA:12,0,0,0
BRDA:12,1,0,0
BRDA:12,1,1,0
BRF:3
BRH:0
end_of_record
TN:
SF:src\repositories\acaprog.repository.ts
FN:8,(anonymous_0)
FN:27,(anonymous_1)
FN:57,(anonymous_2)
FN:77,(anonymous_3)
FN:106,(anonymous_4)
FN:129,(anonymous_5)
FN:152,(anonymous_6)
FNF:7
FNH:0
FNDA:0,(anonymous_0)
FNDA:0,(anonymous_1)
FNDA:0,(anonymous_2)
FNDA:0,(anonymous_3)
FNDA:0,(anonymous_4)
FNDA:0,(anonymous_5)
FNDA:0,(anonymous_6)
DA:1,1
DA:5,1
DA:7,1
DA:11,0
DA:12,0
DA:13,0
DA:14,0
DA:19,0
DA:20,0
DA:31,0
DA:32,0
DA:35,0
DA:36,0
DA:37,0
DA:41,0
DA:46,0
DA:49,0
DA:50,0
DA:58,0
DA:59,0
DA:60,0
DA:61,0
DA:65,0
DA:70,0
DA:72,0
DA:73,0
DA:78,0
DA:79,0
DA:80,0
DA:96,0
DA:98,0
DA:99,0
DA:109,0
DA:110,0
DA:116,0
DA:117,0
DA:119,0
DA:121,0
DA:122,0
DA:132,0
DA:133,0
DA:139,0
DA:140,0
DA:142,0
DA:144,0
DA:145,0
DA:155,0
DA:156,0
DA:162,0
DA:163,0
DA:165,0
DA:170,0
DA:171,0
LF:53
LH:3
BRDA:35,0,0,0
BRDA:35,0,1,0
BRDA:60,1,0,0
BRDA:116,2,0,0
BRDA:139,3,0,0
BRDA:162,4,0,0
BRF:6
BRH:0
end_of_record
TN:
SF:src\repositories\actividades.repository.ts
FN:8,(anonymous_0)
FN:27,(anonymous_1)
FN:57,(anonymous_2)
FN:77,(anonymous_3)
FN:101,(anonymous_4)
FN:124,(anonymous_5)
FN:150,(anonymous_6)
FN:193,(anonymous_7)
FN:214,(anonymous_8)
FNF:9
FNH:1
FNDA:0,(anonymous_0)
FNDA:0,(anonymous_1)
FNDA:0,(anonymous_2)
FNDA:0,(anonymous_3)
FNDA:1,(anonymous_4)
FNDA:0,(anonymous_5)
FNDA:0,(anonymous_6)
FNDA:0,(anonymous_7)
FNDA:0,(anonymous_8)
DA:1,1
DA:5,1
DA:7,1
DA:11,0
DA:12,0
DA:13,0
DA:14,0
DA:19,0
DA:20,0
DA:31,0
DA:32,0
DA:35,0
DA:36,0
DA:37,0
DA:41,0
DA:46,0
DA:49,0
DA:50,0
DA:58,0
DA:59,0
DA:60,0
DA:61,0
DA:65,0
DA:70,0
DA:72,0
DA:73,0
DA:81,0
DA:82,0
DA:83,0
DA:91,0
DA:93,0
DA:94,0
DA:104,1
DA:105,1
DA:111,1
DA:112,0
DA:114,1
DA:116,0
DA:117,0
DA:127,0
DA:128,0
DA:140,0
DA:142,0
DA:143,0
DA:154,0
DA:155,0
DA:183,0
DA:185,0
DA:186,0
DA:196,0
DA:197,0
DA:204,0
DA:206,0
DA:207,0
DA:217,0
DA:218,0
DA:234,0
DA:236,0
DA:237,0
LF:59
LH:7
BRDA:35,0,0,0
BRDA:35,0,1,0
BRDA:60,1,0,0
BRDA:111,2,0,0
BRF:4
BRH:0
end_of_record
TN:
SF:src\repositories\estuact.repository.ts
FN:8,(anonymous_0)
FN:27,(anonymous_1)
FNF:2
FNH:0
FNDA:0,(anonymous_0)
FNDA:0,(anonymous_1)
DA:1,1
DA:5,1
DA:7,1
DA:11,0
DA:12,0
DA:13,0
DA:14,0
DA:19,0
DA:20,0
DA:30,0
DA:31,0
DA:38,0
DA:40,0
DA:41,0
LF:14
LH:3
BRF:0
BRH:0
end_of_record
TN:
SF:src\repositories\semilleros.repository.ts
FN:8,(anonymous_0)
FN:27,(anonymous_1)
FN:57,(anonymous_2)
FN:77,(anonymous_3)
FN:109,(anonymous_4)
FN:144,(anonymous_5)
FN:177,(anonymous_6)
FN:200,(anonymous_7)
FN:223,(anonymous_8)
FNF:9
FNH:0
FNDA:0,(anonymous_0)
FNDA:0,(anonymous_1)
FNDA:0,(anonymous_2)
FNDA:0,(anonymous_3)
FNDA:0,(anonymous_4)
FNDA:0,(anonymous_5)
FNDA:0,(anonymous_6)
FNDA:0,(anonymous_7)
FNDA:0,(anonymous_8)
DA:1,1
DA:5,1
DA:7,1
DA:11,0
DA:12,0
DA:13,0
DA:14,0
DA:19,0
DA:20,0
DA:31,0
DA:32,0
DA:35,0
DA:36,0
DA:37,0
DA:41,0
DA:46,0
DA:49,0
DA:50,0
DA:58,0
DA:59,0
DA:60,0
DA:61,0
DA:65,0
DA:70,0
DA:72,0
DA:73,0
DA:81,0
DA:82,0
DA:83,0
DA:99,0
DA:101,0
DA:102,0
DA:112,0
DA:113,0
DA:134,0
DA:136,0
DA:137,0
DA:147,0
DA:148,0
DA:167,0
DA:169,0
DA:170,0
DA:180,0
DA:181,0
DA:187,0
DA:188,0
DA:190,0
DA:192,0
DA:193,0
DA:203,0
DA:204,0
DA:210,0
DA:211,0
DA:213,0
DA:215,0
DA:216,0
DA:226,0
DA:227,0
DA:233,0
DA:234,0
DA:236,0
DA:241,0
DA:242,0
LF:63
LH:3
BRDA:35,0,0,0
BRDA:35,0,1,0
BRDA:60,1,0,0
BRDA:187,2,0,0
BRDA:210,3,0,0
BRDA:233,4,0,0
BRF:6
BRH:0
end_of_record
TN:
SF:src\repositories\users.repository.ts
FN:9,(anonymous_0)
FN:29,(anonymous_1)
FN:52,(anonymous_2)
FN:82,(anonymous_3)
FN:102,(anonymous_4)
FN:127,(anonymous_5)
FN:152,(anonymous_6)
FN:177,(anonymous_7)
FN:196,(anonymous_8)
FN:216,(anonymous_9)
FN:243,(anonymous_10)
FNF:11
FNH:0
FNDA:0,(anonymous_0)
FNDA:0,(anonymous_1)
FNDA:0,(anonymous_2)
FNDA:0,(anonymous_3)
FNDA:0,(anonymous_4)
FNDA:0,(anonymous_5)
FNDA:0,(anonymous_6)
FNDA:0,(anonymous_7)
FNDA:0,(anonymous_8)
FNDA:0,(anonymous_9)
FNDA:0,(anonymous_10)
DA:2,1
DA:6,1
DA:8,1
DA:12,0
DA:13,0
DA:14,0
DA:15,0
DA:21,0
DA:22,0
DA:34,0
DA:35,0
DA:42,0
DA:44,0
DA:45,0
DA:56,0
DA:57,0
DA:60,0
DA:61,0
DA:62,0
DA:66,0
DA:71,0
DA:74,0
DA:75,0
DA:83,0
DA:84,0
DA:85,0
DA:86,0
DA:90,0
DA:95,0
DA:97,0
DA:98,0
DA:105,0
DA:106,0
DA:110,0
DA:111,0
DA:113,0
DA:119,0
DA:120,0
DA:130,0
DA:131,0
DA:135,0
DA:136,0
DA:138,0
DA:144,0
DA:145,0
DA:155,0
DA:156,0
DA:160,0
DA:161,0
DA:163,0
DA:169,0
DA:170,0
DA:178,0
DA:179,0
DA:180,0
DA:186,0
DA:187,0
DA:189,0
DA:191,0
DA:192,0
DA:199,0
DA:200,0
DA:206,0
DA:207,0
DA:209,0
DA:211,0
DA:212,0
DA:219,0
DA:220,0
DA:233,0
DA:234,0
DA:236,0
DA:238,0
DA:239,0
DA:246,0
DA:247,0
DA:263,0
DA:264,0
DA:266,0
DA:268,0
DA:269,0
LF:81
LH:3
BRDA:60,0,0,0
BRDA:60,0,1,0
BRDA:85,1,0,0
BRDA:110,2,0,0
BRDA:110,2,1,0
BRDA:135,3,0,0
BRDA:135,3,1,0
BRDA:160,4,0,0
BRDA:160,4,1,0
BRDA:186,5,0,0
BRDA:206,6,0,0
BRDA:233,7,0,0
BRDA:263,8,0,0
BRF:13
BRH:0
end_of_record
TN:
SF:src\routes\acaprog.routes.ts
FN:12,(anonymous_0)
FN:16,(anonymous_1)
FN:19,(anonymous_2)
FN:22,(anonymous_3)
FN:25,(anonymous_4)
FN:32,(anonymous_5)
FNF:6
FNH:0
FNDA:0,(anonymous_0)
FNDA:0,(anonymous_1)
FNDA:0,(anonymous_2)
FNDA:0,(anonymous_3)
FNDA:0,(anonymous_4)
FNDA:0,(anonymous_5)
DA:1,1
DA:2,1
DA:3,1
DA:4,1
DA:5,1
DA:6,1
DA:8,1
DA:13,0
DA:16,1
DA:17,0
DA:19,1
DA:20,0
DA:22,1
DA:23,0
DA:25,1
DA:26,0
DA:28,1
DA:33,0
DA:37,1
LF:19
LH:13
BRF:0
BRH:0
end_of_record
TN:
SF:src\routes\actividades.routes.ts
FN:12,(anonymous_0)
FN:16,(anonymous_1)
FN:19,(anonymous_2)
FN:22,(anonymous_3)
FN:28,(anonymous_4)
FN:32,(anonymous_5)
FN:35,(anonymous_6)
FN:38,(anonymous_7)
FN:45,(anonymous_8)
FNF:9
FNH:1
FNDA:0,(anonymous_0)
FNDA:0,(anonymous_1)
FNDA:1,(anonymous_2)
FNDA:0,(anonymous_3)
FNDA:0,(anonymous_4)
FNDA:0,(anonymous_5)
FNDA:0,(anonymous_6)
FNDA:0,(anonymous_7)
FNDA:0,(anonymous_8)
DA:1,1
DA:2,1
DA:3,1
DA:4,1
DA:5,1
DA:6,1
DA:8,1
DA:13,0
DA:16,1
DA:17,0
DA:19,1
DA:20,1
DA:22,1
DA:23,0
DA:25,1
DA:29,0
DA:32,1
DA:33,0
DA:35,1
DA:36,0
DA:38,1
DA:39,0
DA:41,1
DA:46,0
DA:50,1
LF:25
LH:17
BRF:0
BRH:0
end_of_record
TN:
SF:src\routes\index.ts
FN:9,(anonymous_1)
FNF:1
FNH:0
FNDA:0,(anonymous_1)
DA:1,1
DA:2,1
DA:3,1
DA:4,1
DA:5,1
DA:7,1
DA:9,1
DA:10,0
DA:13,1
DA:14,1
DA:15,1
DA:16,1
DA:18,1
LF:13
LH:12
BRF:0
BRH:0
end_of_record
TN:
SF:src\routes\semilleros.routes.ts
FN:12,(anonymous_0)
FN:16,(anonymous_1)
FN:19,(anonymous_2)
FN:22,(anonymous_3)
FN:25,(anonymous_4)
FN:28,(anonymous_5)
FN:31,(anonymous_6)
FN:38,(anonymous_7)
FNF:8
FNH:0
FNDA:0,(anonymous_0)
FNDA:0,(anonymous_1)
FNDA:0,(anonymous_2)
FNDA:0,(anonymous_3)
FNDA:0,(anonymous_4)
FNDA:0,(anonymous_5)
FNDA:0,(anonymous_6)
FNDA:0,(anonymous_7)
DA:1,1
DA:2,1
DA:3,1
DA:4,1
DA:5,1
DA:6,1
DA:8,1
DA:13,0
DA:16,1
DA:17,0
DA:19,1
DA:20,0
DA:22,1
DA:23,0
DA:25,1
DA:26,0
DA:28,1
DA:29,0
DA:31,1
DA:32,0
DA:34,1
DA:39,0
DA:43,1
LF:23
LH:15
BRF:0
BRH:0
end_of_record
TN:
SF:src\routes\user.routes.ts
FN:13,(anonymous_0)
FN:17,(anonymous_1)
FN:20,(anonymous_2)
FN:23,(anonymous_3)
FN:27,(anonymous_4)
FN:34,(anonymous_5)
FN:36,(anonymous_6)
FN:39,(anonymous_7)
FN:42,(anonymous_8)
FN:49,(anonymous_9)
FN:55,(anonymous_10)
FNF:11
FNH:0
FNDA:0,(anonymous_0)
FNDA:0,(anonymous_1)
FNDA:0,(anonymous_2)
FNDA:0,(anonymous_3)
FNDA:0,(anonymous_4)
FNDA:0,(anonymous_5)
FNDA:0,(anonymous_6)
FNDA:0,(anonymous_7)
FNDA:0,(anonymous_8)
FNDA:0,(anonymous_9)
FNDA:0,(anonymous_10)
DA:1,1
DA:2,1
DA:3,1
DA:4,1
DA:5,1
DA:6,1
DA:7,1
DA:9,1
DA:14,0
DA:17,1
DA:18,0
DA:20,1
DA:21,0
DA:23,1
DA:24,0
DA:27,1
DA:28,0
DA:30,1
DA:34,0
DA:36,1
DA:37,0
DA:39,1
DA:40,0
DA:42,1
DA:43,0
DA:45,1
DA:49,0
DA:51,1
DA:55,0
DA:57,1
LF:30
LH:19
BRF:0
BRH:0
end_of_record
TN:
SF:src\services\acaprog.service.ts
FN:9,(anonymous_0)
FN:29,(anonymous_1)
FN:52,(anonymous_2)
FN:60,(anonymous_3)
FN:69,(anonymous_4)
FN:83,(anonymous_5)
FNF:6
FNH:0
FNDA:0,(anonymous_0)
FNDA:0,(anonymous_1)
FNDA:0,(anonymous_2)
FNDA:0,(anonymous_3)
FNDA:0,(anonymous_4)
FNDA:0,(anonymous_5)
DA:1,1
DA:3,1
DA:5,1
DA:6,1
DA:8,1
DA:12,0
DA:13,0
DA:14,0
DA:15,0
DA:16,0
DA:22,0
DA:24,0
DA:25,0
DA:33,0
DA:34,0
DA:35,0
DA:36,0
DA:40,0
DA:42,0
DA:44,0
DA:45,0
DA:53,0
DA:54,0
DA:56,0
DA:61,0
DA:62,0
DA:64,0
DA:65,0
DA:72,0
DA:73,0
DA:74,0
DA:79,0
DA:86,0
DA:87,0
DA:88,0
DA:93,0
LF:36
LH:5
BRDA:15,0,0,0
BRDA:35,1,0,0
BRDA:52,2,0,0
BRDA:73,3,0,0
BRDA:73,3,1,0
BRDA:87,4,0,0
BRDA:87,4,1,0
BRF:7
BRH:0
end_of_record
TN:
SF:src\services\actividades.service.ts
FN:10,(anonymous_0)
FN:21,(anonymous_1)
FN:47,(anonymous_2)
FN:58,(anonymous_3)
FN:75,(anonymous_4)
FN:86,(anonymous_5)
FN:99,(anonymous_6)
FN:115,(anonymous_7)
FN:124,(anonymous_8)
FNF:9
FNH:1
FNDA:0,(anonymous_0)
FNDA:0,(anonymous_1)
FNDA:0,(anonymous_2)
FNDA:0,(anonymous_3)
FNDA:0,(anonymous_4)
FNDA:0,(anonymous_5)
FNDA:0,(anonymous_6)
FNDA:0,(anonymous_7)
FNDA:1,(anonymous_8)
DA:1,1
DA:4,1
DA:7,1
DA:9,1
DA:13,0
DA:14,0
DA:16,0
DA:17,0
DA:25,0
DA:26,0
DA:27,0
DA:28,0
DA:32,0
DA:37,0
DA:39,0
DA:40,0
DA:48,0
DA:49,0
DA:54,0
DA:62,0
DA:63,0
DA:68,0
DA:69,0
DA:76,0
DA:77,0
DA:79,0
DA:80,0
DA:89,0
DA:90,0
DA:92,0
DA:93,0
DA:102,0
DA:105,0
DA:106,0
DA:111,0
DA:116,0
DA:117,0
DA:119,0
DA:120,0
DA:127,1
DA:128,1
DA:129,0
DA:134,1
LF:43
LH:7
BRDA:27,0,0,0
BRDA:47,1,0,0
BRDA:105,2,0,0
BRDA:105,2,1,0
BRDA:128,3,0,0
BRDA:128,3,1,1
BRF:6
BRH:1
end_of_record
TN:
SF:src\services\estuact.service.ts
FN:7,(anonymous_0)
FNF:1
FNH:0
FNDA:0,(anonymous_0)
DA:2,1
DA:4,1
DA:6,1
DA:10,0
DA:11,0
DA:13,0
DA:14,0
LF:7
LH:3
BRF:0
BRH:0
end_of_record
TN:
SF:src\services\semilleros.service.ts
FN:9,(anonymous_0)
FN:29,(anonymous_1)
FN:52,(anonymous_2)
FN:63,(anonymous_3)
FN:72,(anonymous_4)
FN:86,(anonymous_5)
FN:100,(anonymous_6)
FN:114,(anonymous_7)
FNF:8
FNH:0
FNDA:0,(anonymous_0)
FNDA:0,(anonymous_1)
FNDA:0,(anonymous_2)
FNDA:0,(anonymous_3)
FNDA:0,(anonymous_4)
FNDA:0,(anonymous_5)
FNDA:0,(anonymous_6)
FNDA:0,(anonymous_7)
DA:1,1
DA:3,1
DA:5,1
DA:6,1
DA:8,1
DA:12,0
DA:13,0
DA:14,0
DA:15,0
DA:16,0
DA:22,0
DA:24,0
DA:25,0
DA:33,0
DA:34,0
DA:35,0
DA:36,0
DA:40,0
DA:42,0
DA:44,0
DA:45,0
DA:53,0
DA:54,0
DA:59,0
DA:64,0
DA:65,0
DA:67,0
DA:68,0
DA:75,0
DA:76,0
DA:77,0
DA:82,0
DA:89,0
DA:90,0
DA:91,0
DA:96,0
DA:103,0
DA:104,0
DA:105,0
DA:110,0
DA:117,0
DA:118,0
DA:119,0
DA:124,0
LF:44
LH:5
BRDA:15,0,0,0
BRDA:35,1,0,0
BRDA:52,2,0,0
BRDA:76,3,0,0
BRDA:76,3,1,0
BRDA:90,4,0,0
BRDA:90,4,1,0
BRDA:104,5,0,0
BRDA:104,5,1,0
BRDA:118,6,0,0
BRDA:118,6,1,0
BRF:11
BRH:0
end_of_record
TN:
SF:src\services\users.service.ts
FN:18,(anonymous_1)
FN:35,(anonymous_2)
FN:55,(anonymous_3)
FN:80,(anonymous_4)
FN:89,(anonymous_5)
FN:117,(anonymous_6)
FN:129,(anonymous_7)
FN:143,(anonymous_8)
FN:156,(anonymous_9)
FN:200,(anonymous_10)
FN:240,(anonymous_11)
FN:254,(anonymous_12)
FN:268,(anonymous_13)
FN:286,(anonymous_14)
FN:328,mapToDto
FN:359,mapToDtoList
FNF:16
FNH:0
FNDA:0,(anonymous_1)
FNDA:0,(anonymous_2)
FNDA:0,(anonymous_3)
FNDA:0,(anonymous_4)
FNDA:0,(anonymous_5)
FNDA:0,(anonymous_6)
FNDA:0,(anonymous_7)
FNDA:0,(anonymous_8)
FNDA:0,(anonymous_9)
FNDA:0,(anonymous_10)
FNDA:0,(anonymous_11)
FNDA:0,(anonymous_12)
FNDA:0,(anonymous_13)
FNDA:0,(anonymous_14)
FNDA:0,mapToDto
FNDA:0,mapToDtoList
DA:1,1
DA:2,1
DA:3,1
DA:5,1
DA:9,1
DA:10,1
DA:11,1
DA:12,1
DA:15,1
DA:17,1
DA:22,0
DA:23,0
DA:24,0
DA:25,0
DA:28,0
DA:30,0
DA:32,0
DA:34,0
DA:35,0
DA:36,0
DA:45,0
DA:50,0
DA:51,0
DA:59,0
DA:60,0
DA:61,0
DA:62,0
DA:65,0
DA:66,0
DA:70,0
DA:72,0
DA:73,0
DA:81,0
DA:82,0
DA:84,0
DA:85,0
DA:93,0
DA:94,0
DA:95,0
DA:96,0
DA:98,0
DA:102,0
DA:103,0
DA:106,0
DA:112,0
DA:113,0
DA:118,0
DA:119,0
DA:120,0
DA:125,0
DA:132,0
DA:133,0
DA:134,0
DA:139,0
DA:146,0
DA:147,0
DA:149,0
DA:150,0
DA:157,0
DA:158,0
DA:159,0
DA:160,0
DA:164,0
DA:170,0
DA:171,0
DA:172,0
DA:180,0
DA:182,0
DA:188,0
DA:191,0
DA:193,0
DA:194,0
DA:204,0
DA:205,0
DA:206,0
DA:207,0
DA:213,0
DA:217,0
DA:218,0
DA:223,0
DA:226,0
DA:230,0
DA:235,0
DA:236,0
DA:243,0
DA:244,0
DA:246,0
DA:247,0
DA:257,0
DA:258,0
DA:260,0
DA:261,0
DA:269,0
DA:270,0
DA:271,0
DA:272,0
DA:279,0
DA:281,0
DA:282,0
DA:289,0
DA:290,0
DA:293,0
DA:294,0
DA:300,0
DA:303,0
DA:304,0
DA:310,0
DA:313,0
DA:314,0
DA:320,0
DA:322,0
DA:323,0
DA:332,0
DA:333,0
DA:334,0
DA:347,0
DA:360,0
DA:362,0
DA:363,0
DA:364,0
DA:367,0
LF:121
LH:10
BRDA:24,0,0,0
BRDA:30,1,0,0
BRDA:34,2,0,0
BRDA:61,3,0,0
BRDA:95,4,0,0
BRDA:102,5,0,0
BRDA:119,6,0,0
BRDA:119,6,1,0
BRDA:133,7,0,0
BRDA:133,7,1,0
BRDA:159,8,0,0
BRDA:218,9,0,0
BRDA:219,10,0,0
BRDA:219,10,1,0
BRDA:219,10,2,0
BRDA:271,11,0,0
BRDA:293,12,0,0
BRDA:303,13,0,0
BRDA:313,14,0,0
BRDA:332,15,0,0
BRF:20
BRH:0
end_of_record
TN:
SF:src\shared\HttpResponseCodes.ts
FNF:0
FNH:0
DA:1,1
LF:1
LH:1
BRF:0
BRH:0
end_of_record
TN:
SF:src\shared\utils.ts
FN:1,formatName
FNF:1
FNH:0
FNDA:0,formatName
DA:1,1
DA:2,0
LF:2
LH:1
BRF:0
BRH:0
end_of_record
TN:
SF:src\shared\exceptions\CaseUseException.ts
FN:4,(anonymous_0)
FNF:1
FNH:0
FNDA:0,(anonymous_0)
DA:1,1
DA:3,1
DA:5,0
LF:3
LH:2
BRF:0
BRH:0
end_of_record
TN:
SF:src\shared\exceptions\ControllerError.ts
FN:7,(anonymous_0)
FNF:1
FNH:0
FNDA:0,(anonymous_0)
DA:1,1
DA:2,1
DA:4,1
DA:11,0
DA:12,0
LF:5
LH:3
BRDA:9,0,0,0
BRF:1
BRH:0
end_of_record
TN:
SF:src\shared\exceptions\GeneralErrorHandler.ts
FN:2,(anonymous_0)
FNF:1
FNH:0
FNDA:0,(anonymous_0)
DA:1,1
DA:3,0
LF:2
LH:1
BRF:0
BRH:0
end_of_record
TN:
SF:src\shared\jwt\generate-jwt.ts
FN:3,generateJwt
FN:4,(anonymous_2)
FN:9,(anonymous_3)
FNF:3
FNH:0
FNDA:0,generateJwt
FNDA:0,(anonymous_2)
FNDA:0,(anonymous_3)
DA:1,1
DA:3,1
DA:4,0
DA:5,0
DA:10,0
DA:11,0
DA:12,0
DA:14,0
LF:8
LH:2
BRDA:10,0,0,0
BRDA:10,0,1,0
BRF:2
BRH:0
end_of_record
